#
# A fatal error has been detected by the Java Runtime Environment:
#
#  EXCEPTION_ACCESS_VIOLATION (0xc0000005) at pc=0x00007ffa9f92ba4c, pid=26276, tid=17596
#
# JRE version: Java(TM) SE Runtime Environment (24.0.1+9) (build 24.0.1+9-30)
# Java VM: Java HotSpot(TM) 64-Bit Server VM (24.0.1+9-30, mixed mode, sharing, tiered, compressed oops, compressed class ptrs, g1 gc, windows-amd64)
# Problematic frame:
# C  [awt.dll+0xdba4c]
#
# No core dump will be written. Minidumps are not enabled by default on client versions of Windows
#
# If you would like to submit a bug report, please visit:
#   https://bugreport.java.com/bugreport/crash.jsp
# The crash happened outside the Java Virtual Machine in native code.
# See problematic frame for where to report the bug.
#

---------------  S U M M A R Y ------------

Command Line: -javaagent:C:\Program Files\JetBrains\IntelliJ IDEA 2025.1.1.1\lib\idea_rt.jar=53756 -Dfile.encoding=UTF-8 -Dsun.stdout.encoding=UTF-8 -Dsun.stderr.encoding=UTF-8 App

Host: Intel(R) Core(TM) Ultra 9 185H, 22 cores, 31G,  Windows 11 , 64 bit Build 26100 (10.0.26100.4202)
Time: Thu Jun 26 22:00:55 2025 FLE Daylight Time elapsed time: 2244.472542 seconds (0d 0h 37m 24s)

---------------  T H R E A D  ---------------

Current thread (0x000002168acc4ed0):  JavaThread "AWT-Windows" daemon [_thread_in_native, id=17596, stack(0x00000055a0200000,0x00000055a0300000) (1024K)]

Stack: [0x00000055a0200000,0x00000055a0300000],  sp=0x00000055a02fea40,  free space=1018k
Native frames: (J=compiled Java code, j=interpreted, Vv=VM code, C=native code)
C  [awt.dll+0xdba4c]  (no source info available)
C  [awt.dll+0x976eb]  (no source info available)
C  [awt.dll+0x97736]  (no source info available)
C  [awt.dll+0x94b06]  (no source info available)
C  [awt.dll+0xdfb2c]  (no source info available)
C  [awt.dll+0xb0b5d]  (no source info available)
C  [awt.dll+0x97c6d]  (no source info available)
C  [USER32.dll+0xd159]  (no source info available)
C  [USER32.dll+0xcc6f]  (no source info available)
C  [awt.dll+0x16273]  (no source info available)
C  [COMCTL32.dll+0x23a08]  (no source info available)
C  [COMCTL32.dll+0x237df]  (no source info available)
C  [USER32.dll+0xd159]  (no source info available)
C  [USER32.dll+0xb152]  (no source info available)
C  [awt.dll+0xd4d8e]  (no source info available)
C  [awt.dll+0xd6b82]  (no source info available)
C  0x00000216f4e1ce20  (no source info available)

The last pc belongs to native method entry point (kind = native) (printed below).
Java frames: (J=compiled Java code, j=interpreted, Vv=VM code)
j  sun.awt.windows.WToolkit.eventLoop()V+0 java.desktop@24.0.1
j  sun.awt.windows.WToolkit.run()V+56 java.desktop@24.0.1
j  java.lang.Thread.runWith(Ljava/lang/Object;Ljava/lang/Runnable;)V+5 java.base@24.0.1
j  java.lang.Thread.run()V+19 java.base@24.0.1
v  ~StubRoutines::call_stub 0x00000216f4e10fcd

siginfo: EXCEPTION_ACCESS_VIOLATION (0xc0000005), reading address 0x0000000000000004


Registers:
RAX=0x000002168ac475b0, RBX=0x00000216d2ea6850, RCX=0x0000000000000000, RDX=0x0000000000000000
RSP=0x00000055a02fea40, RBP=0x00000055a02feb49, RSI=0x00000216d0620a40, RDI=0x0000000000000000
R8 =0x0000000000000001, R9 =0x000000559e444000, R10=0x0000000000000000, R11=0x0000000000000246
R12=0x0000000000000000, R13=0x0000000000000310, R14=0x0000000000000000, R15=0x0000000000000000
RIP=0x00007ffa9f92ba4c, EFLAGS=0x0000000000010246

XMM[0]=0x0000000000000000 0x0000000000000000
XMM[1]=0x0000000000000000 0x0000000000000000
XMM[2]=0x0000000000000000 0x0000000000000000
XMM[3]=0x0000000000000000 0x0000000000000000
XMM[4]=0x0000000000000000 0x0000000000000000
XMM[5]=0x0000000000000000 0x0000000000000000
XMM[6]=0x0000000000000000 0x0000000000000000
XMM[7]=0x0000000000000000 0x0000000000000000
XMM[8]=0x0000000000000000 0x0000000000000000
XMM[9]=0x0000000000000000 0x0000000000000000
XMM[10]=0x0000000000000000 0x0000000000000000
XMM[11]=0x0000000000000000 0x0000000000000000
XMM[12]=0x0000000000000000 0x0000000000000000
XMM[13]=0x0000000000000000 0x0000000000000000
XMM[14]=0x0000000000000000 0x0000000000000000
XMM[15]=0x0000000000000000 0x0000000000000000
  MXCSR=0x00001fa0


Register to memory mapping:

RAX=0x000002168ac475b0 points into unknown readable memory: 0x0000000000000000 | 00 00 00 00 00 00 00 00
RBX=0x00000216d2ea6850 points into unknown readable memory: 0x00000216d27d9a70 | 70 9a 7d d2 16 02 00 00
RCX=0x0 is null
RDX=0x0 is null
RSP=0x00000055a02fea40 is pointing into the stack for thread: 0x000002168acc4ed0
RBP=0x00000055a02feb49 is pointing into the stack for thread: 0x000002168acc4ed0
RSI=0x00000216d0620a40 points into unknown readable memory: 0x00007ffa9f95a860 | 60 a8 95 9f fa 7f 00 00
RDI=0x0 is null
R8 =0x0000000000000001 is an unknown value
R9 =0x000000559e444000 points into unknown readable memory: 0x0000000000000000 | 00 00 00 00 00 00 00 00
R10=0x0 is null
R11=0x0000000000000246 is an unknown value
R12=0x0 is null
R13=0x0000000000000310 is an unknown value
R14=0x0 is null
R15=0x0 is null

Top of Stack: (sp=0x00000055a02fea40)
0x00000055a02fea40:   00007ffa9f987838 0000000000000000   8x..............
0x00000055a02fea50:   0000000000000000 00000216d0620a40   ........@.b.....
0x00000055a02fea60:   0000000000000000 00007ffa9f8e76eb   .........v......
0x00000055a02fea70:   0000000000000000 00000216d2ea6850   ........Ph......
0x00000055a02fea80:   00000216d2ea6850 0000000000000000   Ph..............
0x00000055a02fea90:   0000000000000000 00007ffa9f8e7736   ........6w......
0x00000055a02feaa0:   00000216d0620a40 00007ffa9f850000   @.b.............
0x00000055a02feab0:   00000055a02feba8 00007ffb1cff3a08   ../.U....:......
0x00000055a02feac0:   0000000000000000 00007ffa9f8e4b06   .........K......
0x00000055a02fead0:   00000216d0620a40 0000000000000000   @.b.............
0x00000055a02feae0:   00007ffa9f8e7c10 00007ffb3aa2c8ae   .|.........:....
0x00000055a02feaf0:   0000000000000000 000000000000c301   ................
0x00000055a02feb00:   00000055a02feba0 0000000000000001   ../.U...........
0x00000055a02feb10:   0000000000000000 00000055a02feba8   ........../.U...
0x00000055a02feb20:   0000000000000000 0000000000000000   ................
0x00000055a02feb30:   0000000000000000 000002168acc5298   .........R......
0x00000055a02feb40:   00000216d0620ae0 0000000000000000   ..b.............
0x00000055a02feb50:   0000000000000000 00001d46aeb0e560   ........`...F...
0x00000055a02feb60:   0000000000000000 0000000000000000   ................
0x00000055a02feb70:   0000000000000000 0000000000000000   ................
0x00000055a02feb80:   0000000000000000 0000000000000310   ................
0x00000055a02feb90:   0000000000000000 00000216d0620a40   ........@.b.....
0x00000055a02feba0:   00000216d0620a40 00007ffa9f92fb2c   @.b.....,.......
0x00000055a02febb0:   0000000000000000 0000ad02f9091f60   ........`.......
0x00000055a02febc0:   0000db6993ef7464 0000000000000022   dt..i...".......
0x00000055a02febd0:   000000000000c301 0000000000000000   ................
0x00000055a02febe0:   0000000000000000 00007ffb38c1d328   ........(..8....
0x00000055a02febf0:   0000000000000000 0000000000000001   ................
0x00000055a02fec00:   0000000000000022 00007ffb3aa931cf   "........1.:....
0x00000055a02fec10:   0000000000000310 00007ffb38c1c8ca   ...........8....
0x00000055a02fec20:   ffffffffffffffeb 00001d46aeb0e400   ............F...
0x00000055a02fec30:   00000216e3356260 0000000000000000   `b5.............

Instructions: (pc=0x00007ffa9f92ba4c)
  0x00007ffa9f92b94c:   2b fe 66 90 8b 04 0f 89 01 48 8d 49 04 48 83 ea
  0x00007ffa9f92b95c:   01 75 f1 45 85 ff 7e 11 4d 8b c7 33 d2 49 c1 e0
  0x00007ffa9f92b96c:   02 49 8b ce e8 33 f8 00 00 48 8b 03 45 33 c9 4d
  0x00007ffa9f92b97c:   8b c6 48 8b d5 48 8b cb ff 90 f8 06 00 00 48 8b
  0x00007ffa9f92b98c:   03 45 33 c9 4c 8b c6 49 8b d4 48 8b cb ff 90 f8
  0x00007ffa9f92b99c:   06 00 00 4c 8b 05 aa 89 06 00 48 8b cb 48 8b 15
  0x00007ffa9f92b9ac:   80 89 06 00 e8 5b f9 fb ff e9 5d ff ff ff 48 8d
  0x00007ffa9f92b9bc:   15 b7 2f 03 00 48 8b cb e8 4c c3 00 00 e9 58 ff
  0x00007ffa9f92b9cc:   ff ff cc cc 48 89 5c 24 08 57 48 83 ec 20 8b f9
  0x00007ffa9f92b9dc:   e8 6f c3 f4 ff 48 8b d8 48 89 44 24 38 41 b8 01
  0x00007ffa9f92b9ec:   00 00 00 8b d7 48 8b c8 e8 d7 c2 f4 ff 48 8b c8
  0x00007ffa9f92b9fc:   e8 8f fd ff ff 90 48 8b cb e8 06 c5 f4 ff 90 48
  0x00007ffa9f92ba0c:   8b 5c 24 30 48 83 c4 20 5f c3 cc cc cc cc cc cc
  0x00007ffa9f92ba1c:   cc cc cc cc 48 89 5c 24 08 57 48 83 ec 20 8b f9
  0x00007ffa9f92ba2c:   e8 1f c3 f4 ff 48 8b d8 48 89 44 24 38 41 b8 01
  0x00007ffa9f92ba3c:   00 00 00 8b d7 48 8b c8 e8 87 c2 f4 ff 48 8b 08
=>0x00007ffa9f92ba4c:   83 79 04 08 7e 04 33 ff eb 0b 48 8b 48 08 e8 61
  0x00007ffa9f92ba5c:   7e fe ff 8b f8 48 8b cb e8 a7 c4 f4 ff 90 8b c7
  0x00007ffa9f92ba6c:   48 8b 5c 24 30 48 83 c4 20 5f c3 cc cc cc cc cc
  0x00007ffa9f92ba7c:   cc cc cc cc 48 89 5c 24 08 48 89 74 24 10 48 89
  0x00007ffa9f92ba8c:   7c 24 18 41 56 48 83 ec 30 41 8b f9 45 8b f0 48
  0x00007ffa9f92ba9c:   8b f2 48 8b d9 e8 aa 78 00 00 e8 75 ad ff ff 8b
  0x00007ffa9f92baac:   44 24 68 89 44 24 20 44 8b 4c 24 60 44 8b c7 41
  0x00007ffa9f92babc:   8b d6 48 8b cb e8 6a e6 ff ff 48 8b f8 48 85 c0
  0x00007ffa9f92bacc:   74 7f 48 8b 03 48 8b d6 48 8b cb ff 90 f8 00 00
  0x00007ffa9f92badc:   00 48 8b d0 48 8b cb 48 85 c0 75 0e 48 8d 15 11
  0x00007ffa9f92baec:   30 03 00 e8 21 c2 00 00 eb 57 48 8b 03 4c 8d 0d
  0x00007ffa9f92bafc:   28 30 03 00 4c 8d 05 39 30 03 00 ff 90 08 01 00
  0x00007ffa9f92bb0c:   00 48 8b cb 48 85 c0 75 1a 48 8b 03 ff 90 88 00
  0x00007ffa9f92bb1c:   00 00 48 8d 15 23 30 03 00 48 8b cb e8 e8 c1 00
  0x00007ffa9f92bb2c:   00 eb 1e 4c 8b cf 4c 8b c0 48 8b d6 e8 33 e4 fa
  0x00007ffa9f92bb3c:   ff 48 8b 03 48 8b d7 48 8b cb ff 90 b8 00 00 00


Stack slot to memory mapping:

stack at sp + 0 slots: 0x00007ffa9f987838 awt.dll
stack at sp + 1 slots: 0x0 is null
stack at sp + 2 slots: 0x0 is null
stack at sp + 3 slots: 0x00000216d0620a40 points into unknown readable memory: 0x00007ffa9f95a860 | 60 a8 95 9f fa 7f 00 00
stack at sp + 4 slots: 0x0 is null
stack at sp + 5 slots: 0x00007ffa9f8e76eb awt.dll
stack at sp + 6 slots: 0x0 is null
stack at sp + 7 slots: 0x00000216d2ea6850 points into unknown readable memory: 0x00000216d27d9a70 | 70 9a 7d d2 16 02 00 00

Lock stack of current Java thread (top to bottom):

native method entry point (kind = native)  [0x00000216f4e1ca40, 0x00000216f4e1d478]  2616 bytes
[MachCode]
  0x00000216f4e1ca40: 488b 4b08 | 0fb7 492e | 584c 8d74 | ccf8 6800 | 0000 0068 | 0000 0000 | 5055 488b | ec41 5568 
  0x00000216f4e1ca60: 0000 0000 | 4c8b 6b08 | 4d8d 6d38 | 5348 8b53 | 0848 8b52 | 0848 8b52 | 1848 8b52 | 7048 8b12 
  0x00000216f4e1ca80: 5248 8b53 | 1048 85d2 | 0f84 0700 | 0000 4881 | c208 0100 | 0052 488b | 5308 488b | 5208 488b 
  0x00000216f4e1caa0: 5210 5249 | 8bc6 482b | c548 c1e8 | 0350 6800 | 0000 0068 | f7ff ffff | 41c6 8771 | 0400 0001 
  0x00000216f4e1cac0: 488b 4310 | 4885 c074 | 208b 88cc | 0000 0083 | c102 8988 | cc00 0000 | 2388 e000 | 0000 0f84 
  0x00000216f4e1cae0: e408 0000 | e9cd 0000 | 0048 8b43 | 1848 85c0 | 0f85 b000 | 0000 e805 | 0000 00e9 | 9900 0000 
  0x00000216f4e1cb00: 488b d348 | 8d44 2408 | 4c89 6dc0 | 498b cfc5 | f877 4989 | afb8 0300 | 0049 8987 | a803 0000 
  0x00000216f4e1cb20: 4883 ec20 | 40f6 c40f | 0f84 1900 | 0000 4883 | ec08 48b8 | 6030 806e | fa7f 0000 | ffd0 4883 
  0x00000216f4e1cb40: c408 e90c | 0000 0048 | b860 3080 | 6efa 7f00 | 00ff d048 | 83c4 2049 | c787 a803 | 0000 0000 
  0x00000216f4e1cb60: 0000 49c7 | 87b8 0300 | 0000 0000 | 0049 c787 | b003 0000 | 0000 0000 | c5f8 7749 | 837f 0800 
  0x00000216f4e1cb80: 0f84 0500 | 0000 e935 | 43ff ff4c | 8b6d c04c | 8b75 c84e | 8d74 f500 | c348 8b43 | 1848 85c0 
  0x00000216f4e1cba0: 0f84 1000 | 0000 8b08 | 83c1 0289 | 0823 4814 | 0f84 1208 | 0000 493b | a7f0 0400 | 000f 8748 
  0x00000216f4e1cbc0: 0000 0089 | 8424 00f0 | ffff 8984 | 2400 e0ff | ff89 8424 | 00d0 ffff | 8984 2400 | c0ff ff89 
  0x00000216f4e1cbe0: 8424 00b0 | ffff 8984 | 2400 a0ff | ff89 8424 | 0090 ffff | 8984 2400 | 80ff ff49 | 3ba7 e804 
  0x00000216f4e1cc00: 0000 7607 | 4989 a7f0 | 0400 0041 | c687 7104 | 0000 0048 | 8b5d e84c | 8b5b 0845 | 0fb7 5b2e 
  0x00000216f4e1cc20: 41c1 e303 | 492b e348 | 83ec 2048 | 83e4 f04c | 8b5b 604d | 85db 0f85 | ab00 0000 | e805 0000 
  0x00000216f4e1cc40: 00e9 9900 | 0000 488b | d348 8d44 | 2408 4c89 | 6dc0 498b | cfc5 f877 | 4989 afb8 | 0300 0049 
  0x00000216f4e1cc60: 8987 a803 | 0000 4883 | ec20 40f6 | c40f 0f84 | 1900 0000 | 4883 ec08 | 48b8 a05a | 806e fa7f 
  0x00000216f4e1cc80: 0000 ffd0 | 4883 c408 | e90c 0000 | 0048 b8a0 | 5a80 6efa | 7f00 00ff | d048 83c4 | 2049 c787 
  0x00000216f4e1cca0: a803 0000 | 0000 0000 | 49c7 87b8 | 0300 0000 | 0000 0049 | c787 b003 | 0000 0000 | 0000 c5f8 
  0x00000216f4e1ccc0: 7749 837f | 0800 0f84 | 0500 0000 | e9ef 41ff | ff4c 8b6d | c04c 8b75 | c84e 8d74 | f500 c348 
  0x00000216f4e1cce0: 8b5d e84c | 8b5b 6041 | ffd3 488b | 5de8 4889 | 4518 448b | 5b28 41f6 | c308 0f84 | 1b00 0000 
  0x00000216f4e1cd00: 4c8b 5b08 | 4d8b 5b08 | 4d8b 5b18 | 4d8b 5b70 | 4d8b 1b4c | 895d 1048 | 8d55 1048 | 8b43 5849 
  0x00000216f4e1cd20: ba40 70b9 | 6efa 7f00 | 0049 3bc2 | 0f85 ab00 | 0000 e805 | 0000 00e9 | 9900 0000 | 488b d348 
  0x00000216f4e1cd40: 8d44 2408 | 4c89 6dc0 | 498b cfc5 | f877 4989 | afb8 0300 | 0049 8987 | a803 0000 | 4883 ec20 
  0x00000216f4e1cd60: 40f6 c40f | 0f84 1900 | 0000 4883 | ec08 48b8 | a05a 806e | fa7f 0000 | ffd0 4883 | c408 e90c 
  0x00000216f4e1cd80: 0000 0048 | b8a0 5a80 | 6efa 7f00 | 00ff d048 | 83c4 2049 | c787 a803 | 0000 0000 | 0000 49c7 
  0x00000216f4e1cda0: 87b8 0300 | 0000 0000 | 0049 c787 | b003 0000 | 0000 0000 | c5f8 7749 | 837f 0800 | 0f84 0500 
  0x00000216f4e1cdc0: 0000 e9f9 | 40ff ff4c | 8b6d c04c | 8b75 c84e | 8d74 f500 | c348 8b5d | e848 8b43 | 5849 8d8f 
  0x00000216f4e1cde0: c803 0000 | 4c8d 15d5 | 0000 004d | 8997 b003 | 0000 c5f8 | 7749 89af | b803 0000 | 4989 a7a8 
  0x00000216f4e1ce00: 0300 0041 | c787 5404 | 0000 0400 | 0000 493b | a748 0500 | 0076 0749 | 89a7 4805 | 0000 ffd0 
  0x00000216f4e1ce20: 493b a748 | 0500 0072 | 0b49 c787 | 4805 0000 | 0000 0000 | c5f8 7748 | 83ec 10c5 | fb11 0424 
  0x00000216f4e1ce40: 4883 ec10 | 4889 0424 | 48c7 4424 | 0800 0000 | 0041 c787 | 5404 0000 | 0500 0000 | f083 4424 
  0x00000216f4e1ce60: c000 493b | 6f28 0f87 | 0e00 0000 | 4183 bf50 | 0400 0000 | 0f84 2000 | 0000 498b | cf4c 8be4 
  0x00000216f4e1ce80: 4883 ec20 | 4883 e4f0 | 48b8 d0b9 | 816e fa7f | 0000 ffd0 | 498b e44d | 33e4 41c7 | 8754 0400 
  0x00000216f4e1cea0: 0008 0000 | 004d 8b97 | 7005 0000 | 4983 fa00 | 7435 49c7 | 8770 0500 | 0000 0000 | 0041 ffe2 
  0x00000216f4e1cec0: 49ba 00bb | e1f4 1602 | 0000 41ff | d248 83ec | 10c5 fb11 | 0424 4883 | ec10 4889 | 0424 48c7 
  0x00000216f4e1cee0: 4424 0800 | 0000 0049 | c787 a803 | 0000 0000 | 0000 49c7 | 87b8 0300 | 0000 0000 | 0049 c787 
  0x00000216f4e1cf00: b003 0000 | 0000 0000 | c5f8 774d | 8b9f 3804 | 0000 41c7 | 8300 0100 | 0000 0000 | 0049 bb3a 
  0x00000216f4e1cf20: a4e1 f416 | 0200 004c | 3b5d 180f | 8555 0100 | 0048 8b04 | 2448 83c4 | 1048 85c0 | 0f84 2f01 
  0x00000216f4e1cf40: 0000 a803 | 0f85 0800 | 0000 488b | 00e9 1f01 | 0000 a801 | 0f85 0900 | 0000 488b | 40fe e90e 
  0x00000216f4e1cf60: 0100 0048 | 8b40 ff41 | 807f 4800 | 0f84 ff00 | 0000 4883 | f800 0f84 | f500 0000 | 4d8b 5f38 
  0x00000216f4e1cf80: 4d85 db0f | 8414 0000 | 0049 83eb | 084d 895f | 384d 035f | 4049 8903 | e9d4 0000 | 0048 83ec 
  0x00000216f4e1cfa0: 7048 8904 | 2448 894c | 2408 4889 | 5424 104c | 8944 2418 | 4c89 4c24 | 204c 8954 | 2428 4c89 
  0x00000216f4e1cfc0: 5c24 30c5 | fb11 4424 | 40c5 fb11 | 4c24 48c5 | fb11 5424 | 50c5 fb11 | 5c24 58c5 | fb11 6424 
  0x00000216f4e1cfe0: 60c5 fb11 | 6c24 6849 | 8bd7 488b | c848 83ec | 2040 f6c4 | 0f0f 8419 | 0000 0048 | 83ec 0848 
  0x00000216f4e1d000: b890 4974 | 6efa 7f00 | 00ff d048 | 83c4 08e9 | 0c00 0000 | 48b8 9049 | 746e fa7f | 0000 ffd0 
  0x00000216f4e1d020: 4883 c420 | c5fb 106c | 2468 c5fb | 1064 2460 | c5fb 105c | 2458 c5fb | 1054 2450 | c5fb 104c 
  0x00000216f4e1d040: 2448 c5fb | 1044 2440 | 4c8b 5c24 | 304c 8b54 | 2428 4c8b | 4c24 204c | 8b44 2418 | 488b 5424 
  0x00000216f4e1d060: 1048 8b4c | 2408 488b | 0424 4883 | c470 c5f8 | 7748 8945 | 1048 83ec | 1048 8904 | 2448 c744 
  0x00000216f4e1d080: 2408 0000 | 0000 4183 | bfd0 0400 | 0002 0f85 | bf00 0000 | 4881 ec80 | 0000 0048 | 8944 2478 
  0x00000216f4e1d0a0: 4889 4c24 | 7048 8954 | 2468 4889 | 5c24 6048 | 896c 2450 | 4889 7424 | 4848 897c | 2440 4c89 
  0x00000216f4e1d0c0: 4424 384c | 894c 2430 | 4c89 5424 | 284c 895c | 2420 4c89 | 6424 184c | 896c 2410 | 4c89 7424 
  0x00000216f4e1d0e0: 084c 893c | 244c 8be4 | 4883 ec20 | 4883 e4f0 | 48b8 d056 | b96e fa7f | 0000 ffd0 | 498b e44c 
  0x00000216f4e1d100: 8b3c 244c | 8b74 2408 | 4c8b 6c24 | 104c 8b64 | 2418 4c8b | 5c24 204c | 8b54 2428 | 4c8b 4c24 
  0x00000216f4e1d120: 304c 8b44 | 2438 488b | 7c24 4048 | 8b74 2448 | 488b 6c24 | 5048 8b5c | 2460 488b | 5424 6848 
  0x00000216f4e1d140: 8b4c 2470 | 488b 4424 | 7848 81c4 | 8000 0000 | 4d33 e448 | 8b5d e84c | 8b6b 084d | 8d6d 3849 
  0x00000216f4e1d160: 837f 0800 | 0f84 bb00 | 0000 e805 | 0000 00e9 | 9600 0000 | 488d 4424 | 084c 896d | c049 8bcf 
  0x00000216f4e1d180: c5f8 7749 | 89af b803 | 0000 4989 | 87a8 0300 | 0048 83ec | 2040 f6c4 | 0f0f 8419 | 0000 0048 
  0x00000216f4e1d1a0: 83ec 0848 | b840 7980 | 6efa 7f00 | 00ff d048 | 83c4 08e9 | 0c00 0000 | 48b8 4079 | 806e fa7f 
  0x00000216f4e1d1c0: 0000 ffd0 | 4883 c420 | 49c7 87a8 | 0300 0000 | 0000 0049 | c787 b803 | 0000 0000 | 0000 49c7 
  0x00000216f4e1d1e0: 87b0 0300 | 0000 0000 | 00c5 f877 | 4983 7f08 | 000f 8405 | 0000 00e9 | c43c ffff | 4c8b 6dc0 
  0x00000216f4e1d200: 4c8b 75c8 | 4e8d 74f5 | 00c3 48b9 | 08ec df6e | fa7f 0000 | 4883 e4f0 | 48b8 30a8 | a66e fa7f 
  0x00000216f4e1d220: 0000 ffd0 | f444 8b5b | 2841 f6c3 | 200f 8472 | 0100 0048 | 8d55 a84c | 8b5a 084d | 85db 0f85 
  0x00000216f4e1d240: bb00 0000 | e805 0000 | 00e9 9600 | 0000 488d | 4424 084c | 896d c049 | 8bcf c5f8 | 7749 89af 
  0x00000216f4e1d260: b803 0000 | 4989 87a8 | 0300 0048 | 83ec 2040 | f6c4 0f0f | 8419 0000 | 0048 83ec | 0848 b870 
  0x00000216f4e1d280: 7880 6efa | 7f00 00ff | d048 83c4 | 08e9 0c00 | 0000 48b8 | 7078 806e | fa7f 0000 | ffd0 4883 
  0x00000216f4e1d2a0: c420 49c7 | 87a8 0300 | 0000 0000 | 0049 c787 | b803 0000 | 0000 0000 | 49c7 87b0 | 0300 0000 
  0x00000216f4e1d2c0: 0000 00c5 | f877 4983 | 7f08 000f | 8405 0000 | 00e9 ea3b | ffff 4c8b | 6dc0 4c8b | 75c8 4e8d 
  0x00000216f4e1d2e0: 74f5 00c3 | 48b9 08ec | df6e fa7f | 0000 4883 | e4f0 48b8 | 30a8 a66e | fa7f 0000 | ffd0 f44c 
  0x00000216f4e1d300: 896d c04c | 8b4a 0848 | c742 0800 | 0000 0045 | 8b87 5806 | 0000 4f3b | 4c07 f80f | 8542 0000 
  0x00000216f4e1d320: 0041 83af | 5806 0000 | 084f 3b4c | 07f0 0f84 | 2a00 0000 | 498b 01a8 | 020f 8512 | 0000 004c 
  0x00000216f4e1d340: 8bc0 4983 | c801 f04d | 0fb1 010f | 840d 0000 | 0041 8387 | 5806 0000 | 08e9 0500 | 0000 e93e 
  0x00000216f4e1d360: 0000 004c | 894a 0848 | 8bca 4883 | ec20 40f6 | c40f 0f84 | 1900 0000 | 4883 ec08 | 48b8 904a 
  0x00000216f4e1d380: 806e fa7f | 0000 ffd0 | 4883 c408 | e90c 0000 | 0048 b890 | 4a80 6efa | 7f00 00ff | d048 83c4 
  0x00000216f4e1d3a0: 204c 8b6d | c048 8b04 | 2448 83c4 | 10c5 fb10 | 0424 4883 | c410 4c8b | 5d18 41ff | d34c 8b5d 
  0x00000216f4e1d3c0: f8c9 5f49 | 8be3 ffe7 | ba00 0000 | 00e8 0500 | 0000 e996 | 0000 0048 | 8d44 2408 | 4c89 6dc0 
  0x00000216f4e1d3e0: 498b cfc5 | f877 4989 | afb8 0300 | 0049 8987 | a803 0000 | 4883 ec20 | 40f6 c40f | 0f84 1900 
  0x00000216f4e1d400: 0000 4883 | ec08 48b8 | 303f 806e | fa7f 0000 | ffd0 4883 | c408 e90c | 0000 0048 | b830 3f80 
  0x00000216f4e1d420: 6efa 7f00 | 00ff d048 | 83c4 2049 | c787 a803 | 0000 0000 | 0000 49c7 | 87b8 0300 | 0000 0000 
  0x00000216f4e1d440: 0049 c787 | b003 0000 | 0000 0000 | c5f8 7749 | 837f 0800 | 0f84 0500 | 0000 e961 | 3aff ff4c 
  0x00000216f4e1d460: 8b6d c04c | 8b75 c84e | 8d74 f500 | c348 8b5d | e8e9 40f7 | ffff 6690 
[/MachCode]

---------------  P R O C E S S  ---------------

Threads class SMR info:
_java_thread_list=0x00000216d0312780, length=21, elements={
0x00000216ff908d10, 0x00000216ff909650, 0x00000216ff90d5b0, 0x00000216ff9114d0,
0x00000216ff9123b0, 0x00000216ff910b60, 0x00000216ff92acb0, 0x00000216ff92ba90,
0x000002168ac0a340, 0x000002168ac8af90, 0x000002168ac8b6d0, 0x000002168acbfae0,
0x000002168acc3f70, 0x000002168acc4ed0, 0x00000216d05c9bd0, 0x000002168ac64320,
0x00000216d06ab230, 0x00000216d07b1770, 0x00000216d07c69e0, 0x00000216d072f7c0,
0x00000216d072d330
}

Java Threads: ( => current thread )
  0x00000216ff908d10 JavaThread "Reference Handler"          daemon [_thread_blocked, id=26588, stack(0x000000559f100000,0x000000559f200000) (1024K)]
  0x00000216ff909650 JavaThread "Finalizer"                  daemon [_thread_blocked, id=28712, stack(0x000000559f200000,0x000000559f300000) (1024K)]
  0x00000216ff90d5b0 JavaThread "Signal Dispatcher"          daemon [_thread_blocked, id=19908, stack(0x000000559f300000,0x000000559f400000) (1024K)]
  0x00000216ff9114d0 JavaThread "Attach Listener"            daemon [_thread_blocked, id=17796, stack(0x000000559f400000,0x000000559f500000) (1024K)]
  0x00000216ff9123b0 JavaThread "Service Thread"             daemon [_thread_blocked, id=25040, stack(0x000000559f500000,0x000000559f600000) (1024K)]
  0x00000216ff910b60 JavaThread "Monitor Deflation Thread"   daemon [_thread_blocked, id=8020, stack(0x000000559f600000,0x000000559f700000) (1024K)]
  0x00000216ff92acb0 JavaThread "C2 CompilerThread0"         daemon [_thread_blocked, id=13132, stack(0x000000559f700000,0x000000559f800000) (1024K)]
  0x00000216ff92ba90 JavaThread "C1 CompilerThread0"         daemon [_thread_blocked, id=9568, stack(0x000000559f800000,0x000000559f900000) (1024K)]
  0x000002168ac0a340 JavaThread "Common-Cleaner"             daemon [_thread_blocked, id=7024, stack(0x000000559fc00000,0x000000559fd00000) (1024K)]
  0x000002168ac8af90 JavaThread "Monitor Ctrl-Break"         daemon [_thread_in_native, id=18584, stack(0x000000559fd00000,0x000000559fe00000) (1024K)]
  0x000002168ac8b6d0 JavaThread "Notification Thread"        daemon [_thread_blocked, id=27376, stack(0x000000559fe00000,0x000000559ff00000) (1024K)]
  0x000002168acbfae0 JavaThread "Java2D Disposer"            daemon [_thread_blocked, id=13448, stack(0x00000055a0000000,0x00000055a0100000) (1024K)]
  0x000002168acc3f70 JavaThread "AWT-Shutdown"                      [_thread_blocked, id=9140, stack(0x00000055a0100000,0x00000055a0200000) (1024K)]
=>0x000002168acc4ed0 JavaThread "AWT-Windows"                daemon [_thread_in_native, id=17596, stack(0x00000055a0200000,0x00000055a0300000) (1024K)]
  0x00000216d05c9bd0 JavaThread "AWT-EventQueue-0"                  [_thread_in_native, id=25724, stack(0x00000055a0300000,0x00000055a0400000) (1024K)]
  0x000002168ac64320 JavaThread "DestroyJavaVM"                     [_thread_blocked, id=21984, stack(0x000000559e900000,0x000000559ea00000) (1024K)]
  0x00000216d06ab230 JavaThread "RMI TCP Accept-0"           daemon [_thread_in_native, id=6264, stack(0x00000055a0700000,0x00000055a0800000) (1024K)]
  0x00000216d07b1770 JavaThread "RMI TCP Connection(1)-192.168.0.226" daemon [_thread_in_native, id=10572, stack(0x00000055a0800000,0x00000055a0900000) (1024K)]
  0x00000216d07c69e0 JavaThread "RMI Scheduler(0)"           daemon [_thread_blocked, id=29356, stack(0x00000055a0900000,0x00000055a0a00000) (1024K)]
  0x00000216d072f7c0 JavaThread "JMX server connection timeout 47" daemon [_thread_blocked, id=26628, stack(0x00000055a0a00000,0x00000055a0b00000) (1024K)]
  0x00000216d072d330 JavaThread "TimerQueue"                 daemon [_thread_blocked, id=6284, stack(0x00000055a0b00000,0x00000055a0c00000) (1024K)]
Total: 21

Other Threads:
  0x00000216ff842ae0 VMThread "VM Thread"                           [id=17212, stack(0x000000559f000000,0x000000559f100000) (1024K)]
  0x00000216ff84a000 WatcherThread "VM Periodic Task Thread"        [id=20332, stack(0x000000559ef00000,0x000000559f000000) (1024K)]
  0x00000216e51c65a0 WorkerThread "GC Thread#0"                     [id=5948, stack(0x000000559ea00000,0x000000559eb00000) (1024K)]
  0x00000216d27b8230 WorkerThread "GC Thread#1"                     [id=27064, stack(0x000000559ff00000,0x00000055a0000000) (1024K)]
  0x00000216d27b7720 WorkerThread "GC Thread#2"                     [id=6952, stack(0x00000055a0400000,0x00000055a0500000) (1024K)]
  0x00000216d27b7ad0 WorkerThread "GC Thread#3"                     [id=3336, stack(0x00000055a0500000,0x00000055a0600000) (1024K)]
  0x00000216d27b7e80 WorkerThread "GC Thread#4"                     [id=17644, stack(0x00000055a0600000,0x00000055a0700000) (1024K)]
  0x00000216d026f040 WorkerThread "GC Thread#5"                     [id=3920, stack(0x00000055a0c00000,0x00000055a0d00000) (1024K)]
  0x00000216d026c7b0 WorkerThread "GC Thread#6"                     [id=21216, stack(0x00000055a0d00000,0x00000055a0e00000) (1024K)]
  0x00000216d026f3f0 WorkerThread "GC Thread#7"                     [id=3052, stack(0x00000055a0e00000,0x00000055a0f00000) (1024K)]
  0x00000216d026f7a0 WorkerThread "GC Thread#8"                     [id=27404, stack(0x00000055a0f00000,0x00000055a1000000) (1024K)]
  0x00000216d02702b0 WorkerThread "GC Thread#9"                     [id=29596, stack(0x00000055a1000000,0x00000055a1100000) (1024K)]
  0x00000216d026e180 WorkerThread "GC Thread#10"                    [id=28172, stack(0x00000055a1100000,0x00000055a1200000) (1024K)]
  0x00000216d026da20 WorkerThread "GC Thread#11"                    [id=21696, stack(0x00000055a1200000,0x00000055a1300000) (1024K)]
  0x00000216e51db290 ConcurrentGCThread "G1 Main Marker"            [id=23776, stack(0x000000559eb00000,0x000000559ec00000) (1024K)]
  0x00000216e51dddc0 WorkerThread "G1 Conc#0"                       [id=28472, stack(0x000000559ec00000,0x000000559ed00000) (1024K)]
  0x00000216ff827370 ConcurrentGCThread "G1 Refine#0"               [id=11228, stack(0x000000559ed00000,0x000000559ee00000) (1024K)]
  0x00000216ff827d90 ConcurrentGCThread "G1 Service"                [id=29468, stack(0x000000559ee00000,0x000000559ef00000) (1024K)]
Total: 18

Threads with active compile tasks:
Total: 0

VM state: not at safepoint (normal execution)

VM Mutex/Monitor currently owned by a thread: None

Heap address: 0x0000000605400000, size: 8108 MB, Compressed Oops mode: Zero based, Oop shift amount: 3

CDS archive(s) mapped at: [0x000002168b000000-0x000002168bd40000-0x000002168bd40000), size 13893632, SharedBaseAddress: 0x000002168b000000, ArchiveRelocationMode: 1.
Compressed class space mapped at: 0x000002168c000000-0x00000216cc000000, reserved size: 1073741824
UseCompressedClassPointers 1, UseCompactObjectHeaders 0
Narrow klass pointer bits 32, Max shift 3
Narrow klass base: 0x000002168b000000, Narrow klass shift: 0
Encoding Range: [0x000002168b000000 - 0x000002178b000000), (4294967296 bytes)
Klass Range:    [0x000002168b000000 - 0x00000216cc000000), (1090519040 bytes)
Klass ID Range:  [8 - 1090519033) (1090519025)

GC Precious Log:
 CardTable entry size: 512
 Card Set container configuration: InlinePtr #cards 4 size 8 Array Of Cards #cards 32 size 80 Howl #buckets 8 coarsen threshold 7372 Howl Bitmap #cards 1024 size 144 coarsen threshold 921 Card regions per heap region 1 cards per card region 8192
 CPUs: 22 total, 22 available
 Memory: 32429M
 Large Page Support: Disabled
 NUMA Support: Disabled
 Compressed Oops: Enabled (Zero based)
 Heap Region Size: 4M
 Heap Min Capacity: 8M
 Heap Initial Capacity: 508M
 Heap Max Capacity: 8108M
 Pre-touch: Disabled
 Parallel Workers: 16
 Concurrent Workers: 4
 Concurrent Refinement Workers: 16
 Periodic GC: Disabled

Heap:
 garbage-first heap   total reserved 8302592K, committed 524288K, used 148512K [0x0000000605400000, 0x0000000800000000)
  region size 4096K, 30 young (122880K), 1 survivors (4096K)
 Metaspace       used 19359K, committed 19712K, reserved 1114112K
  class space    used 1731K, committed 1856K, reserved 1048576K

Heap Regions: E=young(eden), S=young(survivor), O=old, HS=humongous(starts), HC=humongous(continues), CS=collection set, F=free, TAMS=top-at-mark-start, PB=parsable bottom
|   0|0x0000000605400000, 0x0000000605800000, 0x0000000605800000|100%|HS|  |TAMS 0x0000000605400000| PB 0x0000000605400000| Complete |  0
|   1|0x0000000605800000, 0x0000000605c00000, 0x0000000605c00000|100%|HS|  |TAMS 0x0000000605800000| PB 0x0000000605800000| Complete |  0
|   2|0x0000000605c00000, 0x0000000606000000, 0x0000000606000000|100%|HC|  |TAMS 0x0000000605c00000| PB 0x0000000605c00000| Complete |  0
|   3|0x0000000606000000, 0x0000000606400000, 0x0000000606400000|100%|HC|  |TAMS 0x0000000606000000| PB 0x0000000606000000| Complete |  0
|   4|0x0000000606400000, 0x0000000606800000, 0x0000000606800000|100%|HC|  |TAMS 0x0000000606400000| PB 0x0000000606400000| Complete |  0
|   5|0x0000000606800000, 0x0000000606c00000, 0x0000000606c00000|100%|HS|  |TAMS 0x0000000606800000| PB 0x0000000606800000| Complete |  0
|   6|0x0000000606c00000, 0x0000000607000000, 0x0000000607000000|100%|HS|  |TAMS 0x0000000606c00000| PB 0x0000000606c00000| Complete |  0
|   7|0x0000000607000000, 0x0000000607000000, 0x0000000607400000|  0%| F|  |TAMS 0x0000000607000000| PB 0x0000000607000000| Untracked |  0
|   8|0x0000000607400000, 0x0000000607400000, 0x0000000607800000|  0%| F|  |TAMS 0x0000000607400000| PB 0x0000000607400000| Untracked |  0
|   9|0x0000000607800000, 0x0000000607800000, 0x0000000607c00000|  0%| F|  |TAMS 0x0000000607800000| PB 0x0000000607800000| Untracked |  0
|  10|0x0000000607c00000, 0x0000000607c00000, 0x0000000608000000|  0%| F|  |TAMS 0x0000000607c00000| PB 0x0000000607c00000| Untracked |  0
|  11|0x0000000608000000, 0x0000000608000000, 0x0000000608400000|  0%| F|  |TAMS 0x0000000608000000| PB 0x0000000608000000| Untracked |  0
|  12|0x0000000608400000, 0x0000000608400000, 0x0000000608800000|  0%| F|  |TAMS 0x0000000608400000| PB 0x0000000608400000| Untracked |  0
|  13|0x0000000608800000, 0x0000000608800000, 0x0000000608c00000|  0%| F|  |TAMS 0x0000000608800000| PB 0x0000000608800000| Untracked |  0
|  14|0x0000000608c00000, 0x0000000608c00000, 0x0000000609000000|  0%| F|  |TAMS 0x0000000608c00000| PB 0x0000000608c00000| Untracked |  0
|  15|0x0000000609000000, 0x0000000609000000, 0x0000000609400000|  0%| F|  |TAMS 0x0000000609000000| PB 0x0000000609000000| Untracked |  0
|  16|0x0000000609400000, 0x0000000609400000, 0x0000000609800000|  0%| F|  |TAMS 0x0000000609400000| PB 0x0000000609400000| Untracked |  0
|  17|0x0000000609800000, 0x0000000609800000, 0x0000000609c00000|  0%| F|  |TAMS 0x0000000609800000| PB 0x0000000609800000| Untracked |  0
|  18|0x0000000609c00000, 0x0000000609c00000, 0x000000060a000000|  0%| F|  |TAMS 0x0000000609c00000| PB 0x0000000609c00000| Untracked |  0
|  19|0x000000060a000000, 0x000000060a000000, 0x000000060a400000|  0%| F|  |TAMS 0x000000060a000000| PB 0x000000060a000000| Untracked |  0
|  20|0x000000060a400000, 0x000000060a400000, 0x000000060a800000|  0%| F|  |TAMS 0x000000060a400000| PB 0x000000060a400000| Untracked |  0
|  21|0x000000060a800000, 0x000000060a800000, 0x000000060ac00000|  0%| F|  |TAMS 0x000000060a800000| PB 0x000000060a800000| Untracked |  0
|  22|0x000000060ac00000, 0x000000060ac00000, 0x000000060b000000|  0%| F|  |TAMS 0x000000060ac00000| PB 0x000000060ac00000| Untracked |  0
|  23|0x000000060b000000, 0x000000060b000000, 0x000000060b400000|  0%| F|  |TAMS 0x000000060b000000| PB 0x000000060b000000| Untracked |  0
|  24|0x000000060b400000, 0x000000060b400000, 0x000000060b800000|  0%| F|  |TAMS 0x000000060b400000| PB 0x000000060b400000| Untracked |  0
|  25|0x000000060b800000, 0x000000060b800000, 0x000000060bc00000|  0%| F|  |TAMS 0x000000060b800000| PB 0x000000060b800000| Untracked |  0
|  26|0x000000060bc00000, 0x000000060bc00000, 0x000000060c000000|  0%| F|  |TAMS 0x000000060bc00000| PB 0x000000060bc00000| Untracked |  0
|  27|0x000000060c000000, 0x000000060c000000, 0x000000060c400000|  0%| F|  |TAMS 0x000000060c000000| PB 0x000000060c000000| Untracked |  0
|  28|0x000000060c400000, 0x000000060c400000, 0x000000060c800000|  0%| F|  |TAMS 0x000000060c400000| PB 0x000000060c400000| Untracked |  0
|  29|0x000000060c800000, 0x000000060c800000, 0x000000060cc00000|  0%| F|  |TAMS 0x000000060c800000| PB 0x000000060c800000| Untracked |  0
|  30|0x000000060cc00000, 0x000000060cc00000, 0x000000060d000000|  0%| F|  |TAMS 0x000000060cc00000| PB 0x000000060cc00000| Untracked |  0
|  31|0x000000060d000000, 0x000000060d000000, 0x000000060d400000|  0%| F|  |TAMS 0x000000060d000000| PB 0x000000060d000000| Untracked |  0
|  32|0x000000060d400000, 0x000000060d400000, 0x000000060d800000|  0%| F|  |TAMS 0x000000060d400000| PB 0x000000060d400000| Untracked |  0
|  33|0x000000060d800000, 0x000000060d800000, 0x000000060dc00000|  0%| F|  |TAMS 0x000000060d800000| PB 0x000000060d800000| Untracked |  0
|  34|0x000000060dc00000, 0x000000060dc00000, 0x000000060e000000|  0%| F|  |TAMS 0x000000060dc00000| PB 0x000000060dc00000| Untracked |  0
|  35|0x000000060e000000, 0x000000060e000000, 0x000000060e400000|  0%| F|  |TAMS 0x000000060e000000| PB 0x000000060e000000| Untracked |  0
|  36|0x000000060e400000, 0x000000060e400000, 0x000000060e800000|  0%| F|  |TAMS 0x000000060e400000| PB 0x000000060e400000| Untracked |  0
|  37|0x000000060e800000, 0x000000060e800000, 0x000000060ec00000|  0%| F|  |TAMS 0x000000060e800000| PB 0x000000060e800000| Untracked |  0
|  38|0x000000060ec00000, 0x000000060ec00000, 0x000000060f000000|  0%| F|  |TAMS 0x000000060ec00000| PB 0x000000060ec00000| Untracked |  0
|  39|0x000000060f000000, 0x000000060f000000, 0x000000060f400000|  0%| F|  |TAMS 0x000000060f000000| PB 0x000000060f000000| Untracked |  0
|  40|0x000000060f400000, 0x000000060f400000, 0x000000060f800000|  0%| F|  |TAMS 0x000000060f400000| PB 0x000000060f400000| Untracked |  0
|  41|0x000000060f800000, 0x000000060f800000, 0x000000060fc00000|  0%| F|  |TAMS 0x000000060f800000| PB 0x000000060f800000| Untracked |  0
|  42|0x000000060fc00000, 0x000000060fc00000, 0x0000000610000000|  0%| F|  |TAMS 0x000000060fc00000| PB 0x000000060fc00000| Untracked |  0
|  43|0x0000000610000000, 0x0000000610000000, 0x0000000610400000|  0%| F|  |TAMS 0x0000000610000000| PB 0x0000000610000000| Untracked |  0
|  44|0x0000000610400000, 0x0000000610400000, 0x0000000610800000|  0%| F|  |TAMS 0x0000000610400000| PB 0x0000000610400000| Untracked |  0
|  45|0x0000000610800000, 0x0000000610800000, 0x0000000610c00000|  0%| F|  |TAMS 0x0000000610800000| PB 0x0000000610800000| Untracked |  0
|  46|0x0000000610c00000, 0x0000000610c00000, 0x0000000611000000|  0%| F|  |TAMS 0x0000000610c00000| PB 0x0000000610c00000| Untracked |  0
|  47|0x0000000611000000, 0x0000000611000000, 0x0000000611400000|  0%| F|  |TAMS 0x0000000611000000| PB 0x0000000611000000| Untracked |  0
|  48|0x0000000611400000, 0x0000000611400000, 0x0000000611800000|  0%| F|  |TAMS 0x0000000611400000| PB 0x0000000611400000| Untracked |  0
|  49|0x0000000611800000, 0x0000000611800000, 0x0000000611c00000|  0%| F|  |TAMS 0x0000000611800000| PB 0x0000000611800000| Untracked |  0
|  50|0x0000000611c00000, 0x0000000611c00000, 0x0000000612000000|  0%| F|  |TAMS 0x0000000611c00000| PB 0x0000000611c00000| Untracked |  0
|  51|0x0000000612000000, 0x0000000612000000, 0x0000000612400000|  0%| F|  |TAMS 0x0000000612000000| PB 0x0000000612000000| Untracked |  0
|  52|0x0000000612400000, 0x0000000612400000, 0x0000000612800000|  0%| F|  |TAMS 0x0000000612400000| PB 0x0000000612400000| Untracked |  0
|  53|0x0000000612800000, 0x0000000612800000, 0x0000000612c00000|  0%| F|  |TAMS 0x0000000612800000| PB 0x0000000612800000| Untracked |  0
|  54|0x0000000612c00000, 0x0000000612c00000, 0x0000000613000000|  0%| F|  |TAMS 0x0000000612c00000| PB 0x0000000612c00000| Untracked |  0
|  55|0x0000000613000000, 0x0000000613000000, 0x0000000613400000|  0%| F|  |TAMS 0x0000000613000000| PB 0x0000000613000000| Untracked |  0
|  56|0x0000000613400000, 0x0000000613400000, 0x0000000613800000|  0%| F|  |TAMS 0x0000000613400000| PB 0x0000000613400000| Untracked |  0
|  57|0x0000000613800000, 0x0000000613800000, 0x0000000613c00000|  0%| F|  |TAMS 0x0000000613800000| PB 0x0000000613800000| Untracked |  0
|  58|0x0000000613c00000, 0x0000000613c00000, 0x0000000614000000|  0%| F|  |TAMS 0x0000000613c00000| PB 0x0000000613c00000| Untracked |  0
|  59|0x0000000614000000, 0x0000000614000000, 0x0000000614400000|  0%| F|  |TAMS 0x0000000614000000| PB 0x0000000614000000| Untracked |  0
|  60|0x0000000614400000, 0x0000000614400000, 0x0000000614800000|  0%| F|  |TAMS 0x0000000614400000| PB 0x0000000614400000| Untracked |  0
|  61|0x0000000614800000, 0x0000000614800000, 0x0000000614c00000|  0%| F|  |TAMS 0x0000000614800000| PB 0x0000000614800000| Untracked |  0
|  62|0x0000000614c00000, 0x0000000614c00000, 0x0000000615000000|  0%| F|  |TAMS 0x0000000614c00000| PB 0x0000000614c00000| Untracked |  0
|  63|0x0000000615000000, 0x0000000615000000, 0x0000000615400000|  0%| F|  |TAMS 0x0000000615000000| PB 0x0000000615000000| Untracked |  0
|  64|0x0000000615400000, 0x0000000615400000, 0x0000000615800000|  0%| F|  |TAMS 0x0000000615400000| PB 0x0000000615400000| Untracked |  0
|  65|0x0000000615800000, 0x0000000615800000, 0x0000000615c00000|  0%| F|  |TAMS 0x0000000615800000| PB 0x0000000615800000| Untracked |  0
|  66|0x0000000615c00000, 0x0000000615c00000, 0x0000000616000000|  0%| F|  |TAMS 0x0000000615c00000| PB 0x0000000615c00000| Untracked |  0
|  67|0x0000000616000000, 0x0000000616000000, 0x0000000616400000|  0%| F|  |TAMS 0x0000000616000000| PB 0x0000000616000000| Untracked |  0
|  68|0x0000000616400000, 0x0000000616400000, 0x0000000616800000|  0%| F|  |TAMS 0x0000000616400000| PB 0x0000000616400000| Untracked |  0
|  69|0x0000000616800000, 0x0000000616800000, 0x0000000616c00000|  0%| F|  |TAMS 0x0000000616800000| PB 0x0000000616800000| Untracked |  0
|  70|0x0000000616c00000, 0x0000000616c00000, 0x0000000617000000|  0%| F|  |TAMS 0x0000000616c00000| PB 0x0000000616c00000| Untracked |  0
|  71|0x0000000617000000, 0x0000000617000000, 0x0000000617400000|  0%| F|  |TAMS 0x0000000617000000| PB 0x0000000617000000| Untracked |  0
|  72|0x0000000617400000, 0x0000000617400000, 0x0000000617800000|  0%| F|  |TAMS 0x0000000617400000| PB 0x0000000617400000| Untracked |  0
|  73|0x0000000617800000, 0x0000000617800000, 0x0000000617c00000|  0%| F|  |TAMS 0x0000000617800000| PB 0x0000000617800000| Untracked |  0
|  74|0x0000000617c00000, 0x0000000617c00000, 0x0000000618000000|  0%| F|  |TAMS 0x0000000617c00000| PB 0x0000000617c00000| Untracked |  0
|  75|0x0000000618000000, 0x0000000618000000, 0x0000000618400000|  0%| F|  |TAMS 0x0000000618000000| PB 0x0000000618000000| Untracked |  0
|  76|0x0000000618400000, 0x0000000618400000, 0x0000000618800000|  0%| F|  |TAMS 0x0000000618400000| PB 0x0000000618400000| Untracked |  0
|  77|0x0000000618800000, 0x0000000618800000, 0x0000000618c00000|  0%| F|  |TAMS 0x0000000618800000| PB 0x0000000618800000| Untracked |  0
|  78|0x0000000618c00000, 0x0000000618c00000, 0x0000000619000000|  0%| F|  |TAMS 0x0000000618c00000| PB 0x0000000618c00000| Untracked |  0
|  79|0x0000000619000000, 0x0000000619000000, 0x0000000619400000|  0%| F|  |TAMS 0x0000000619000000| PB 0x0000000619000000| Untracked |  0
|  80|0x0000000619400000, 0x0000000619400000, 0x0000000619800000|  0%| F|  |TAMS 0x0000000619400000| PB 0x0000000619400000| Untracked |  0
|  81|0x0000000619800000, 0x0000000619800000, 0x0000000619c00000|  0%| F|  |TAMS 0x0000000619800000| PB 0x0000000619800000| Untracked |  0
|  82|0x0000000619c00000, 0x0000000619c00000, 0x000000061a000000|  0%| F|  |TAMS 0x0000000619c00000| PB 0x0000000619c00000| Untracked |  0
|  83|0x000000061a000000, 0x000000061a000000, 0x000000061a400000|  0%| F|  |TAMS 0x000000061a000000| PB 0x000000061a000000| Untracked |  0
|  84|0x000000061a400000, 0x000000061a400000, 0x000000061a800000|  0%| F|  |TAMS 0x000000061a400000| PB 0x000000061a400000| Untracked |  0
|  85|0x000000061a800000, 0x000000061a800000, 0x000000061ac00000|  0%| F|  |TAMS 0x000000061a800000| PB 0x000000061a800000| Untracked |  0
|  86|0x000000061ac00000, 0x000000061ac00000, 0x000000061b000000|  0%| F|  |TAMS 0x000000061ac00000| PB 0x000000061ac00000| Untracked |  0
|  87|0x000000061b000000, 0x000000061b000000, 0x000000061b400000|  0%| F|  |TAMS 0x000000061b000000| PB 0x000000061b000000| Untracked |  0
|  88|0x000000061b400000, 0x000000061b400000, 0x000000061b800000|  0%| F|  |TAMS 0x000000061b400000| PB 0x000000061b400000| Untracked |  0
|  89|0x000000061b800000, 0x000000061b800000, 0x000000061bc00000|  0%| F|  |TAMS 0x000000061b800000| PB 0x000000061b800000| Untracked |  0
|  90|0x000000061bc00000, 0x000000061bc00000, 0x000000061c000000|  0%| F|  |TAMS 0x000000061bc00000| PB 0x000000061bc00000| Untracked |  0
|  91|0x000000061c000000, 0x000000061c000000, 0x000000061c400000|  0%| F|  |TAMS 0x000000061c000000| PB 0x000000061c000000| Untracked |  0
|  92|0x000000061c400000, 0x000000061c400000, 0x000000061c800000|  0%| F|  |TAMS 0x000000061c400000| PB 0x000000061c400000| Untracked |  0
|  93|0x000000061c800000, 0x000000061c800000, 0x000000061cc00000|  0%| F|  |TAMS 0x000000061c800000| PB 0x000000061c800000| Untracked |  0
|  94|0x000000061cc00000, 0x000000061cc00000, 0x000000061d000000|  0%| F|  |TAMS 0x000000061cc00000| PB 0x000000061cc00000| Untracked |  0
|  95|0x000000061d000000, 0x000000061d000000, 0x000000061d400000|  0%| F|  |TAMS 0x000000061d000000| PB 0x000000061d000000| Untracked |  0
|  96|0x000000061d400000, 0x000000061d400000, 0x000000061d800000|  0%| F|  |TAMS 0x000000061d400000| PB 0x000000061d400000| Untracked |  0
|  97|0x000000061d800000, 0x000000061d93ad58, 0x000000061dc00000| 30%| E|  |TAMS 0x000000061d800000| PB 0x000000061d800000| Complete |  0
|  98|0x000000061dc00000, 0x000000061e000000, 0x000000061e000000|100%| E|CS|TAMS 0x000000061dc00000| PB 0x000000061dc00000| Complete |  0
|  99|0x000000061e000000, 0x000000061e400000, 0x000000061e400000|100%| E|CS|TAMS 0x000000061e000000| PB 0x000000061e000000| Complete |  0
| 100|0x000000061e400000, 0x000000061e800000, 0x000000061e800000|100%| E|CS|TAMS 0x000000061e400000| PB 0x000000061e400000| Complete |  0
| 101|0x000000061e800000, 0x000000061ec00000, 0x000000061ec00000|100%| E|CS|TAMS 0x000000061e800000| PB 0x000000061e800000| Complete |  0
| 102|0x000000061ec00000, 0x000000061f000000, 0x000000061f000000|100%| E|CS|TAMS 0x000000061ec00000| PB 0x000000061ec00000| Complete |  0
| 103|0x000000061f000000, 0x000000061f400000, 0x000000061f400000|100%| E|CS|TAMS 0x000000061f000000| PB 0x000000061f000000| Complete |  0
| 104|0x000000061f400000, 0x000000061f800000, 0x000000061f800000|100%| E|CS|TAMS 0x000000061f400000| PB 0x000000061f400000| Complete |  0
| 105|0x000000061f800000, 0x000000061fc00000, 0x000000061fc00000|100%| E|CS|TAMS 0x000000061f800000| PB 0x000000061f800000| Complete |  0
| 106|0x000000061fc00000, 0x0000000620000000, 0x0000000620000000|100%| E|CS|TAMS 0x000000061fc00000| PB 0x000000061fc00000| Complete |  0
| 107|0x0000000620000000, 0x0000000620400000, 0x0000000620400000|100%| E|CS|TAMS 0x0000000620000000| PB 0x0000000620000000| Complete |  0
| 108|0x0000000620400000, 0x0000000620800000, 0x0000000620800000|100%| E|CS|TAMS 0x0000000620400000| PB 0x0000000620400000| Complete |  0
| 109|0x0000000620800000, 0x0000000620c00000, 0x0000000620c00000|100%| E|CS|TAMS 0x0000000620800000| PB 0x0000000620800000| Complete |  0
| 110|0x0000000620c00000, 0x0000000621000000, 0x0000000621000000|100%| E|CS|TAMS 0x0000000620c00000| PB 0x0000000620c00000| Complete |  0
| 111|0x0000000621000000, 0x0000000621400000, 0x0000000621400000|100%| E|CS|TAMS 0x0000000621000000| PB 0x0000000621000000| Complete |  0
| 112|0x0000000621400000, 0x0000000621800000, 0x0000000621800000|100%| E|CS|TAMS 0x0000000621400000| PB 0x0000000621400000| Complete |  0
| 113|0x0000000621800000, 0x0000000621c00000, 0x0000000621c00000|100%| E|CS|TAMS 0x0000000621800000| PB 0x0000000621800000| Complete |  0
| 114|0x0000000621c00000, 0x0000000621feaf10, 0x0000000622000000| 97%| S|CS|TAMS 0x0000000621c00000| PB 0x0000000621c00000| Complete |  0
| 115|0x0000000622000000, 0x0000000622400000, 0x0000000622400000|100%| E|CS|TAMS 0x0000000622000000| PB 0x0000000622000000| Complete |  0
| 116|0x0000000622400000, 0x0000000622800000, 0x0000000622800000|100%| E|CS|TAMS 0x0000000622400000| PB 0x0000000622400000| Complete |  0
| 117|0x0000000622800000, 0x0000000622c00000, 0x0000000622c00000|100%| E|CS|TAMS 0x0000000622800000| PB 0x0000000622800000| Complete |  0
| 118|0x0000000622c00000, 0x0000000623000000, 0x0000000623000000|100%| E|CS|TAMS 0x0000000622c00000| PB 0x0000000622c00000| Complete |  0
| 119|0x0000000623000000, 0x0000000623400000, 0x0000000623400000|100%| E|CS|TAMS 0x0000000623000000| PB 0x0000000623000000| Complete |  0
| 120|0x0000000623400000, 0x0000000623800000, 0x0000000623800000|100%| E|CS|TAMS 0x0000000623400000| PB 0x0000000623400000| Complete |  0
| 121|0x0000000623800000, 0x0000000623c00000, 0x0000000623c00000|100%| E|CS|TAMS 0x0000000623800000| PB 0x0000000623800000| Complete |  0
| 122|0x0000000623c00000, 0x0000000624000000, 0x0000000624000000|100%| E|CS|TAMS 0x0000000623c00000| PB 0x0000000623c00000| Complete |  0
| 123|0x0000000624000000, 0x0000000624400000, 0x0000000624400000|100%| E|CS|TAMS 0x0000000624000000| PB 0x0000000624000000| Complete |  0
| 124|0x0000000624400000, 0x0000000624800000, 0x0000000624800000|100%| E|CS|TAMS 0x0000000624400000| PB 0x0000000624400000| Complete |  0
| 125|0x0000000624800000, 0x0000000624c00000, 0x0000000624c00000|100%| E|CS|TAMS 0x0000000624800000| PB 0x0000000624800000| Complete |  0
| 126|0x0000000624c00000, 0x0000000625000000, 0x0000000625000000|100%| E|CS|TAMS 0x0000000624c00000| PB 0x0000000624c00000| Complete |  0
|2026|0x00000007ffc00000, 0x00000007ffd1d1c0, 0x0000000800000000| 27%| O|  |TAMS 0x00000007ffc00000| PB 0x00000007ffc00000| Untracked |  0

Card table byte_map: [0x00000216fe660000,0x00000216ff640000] _byte_map_base: 0x00000216fb636000

Marking Bits: (CMBitMap*) 0x00000216e51c6cb0
 Bits: [0x0000021680000000, 0x0000021687eb0000)

Polling page: 0x00000216e4880000

Metaspace:

Usage:
  Non-class:     17.21 MB used.
      Class:      1.69 MB used.
       Both:     18.91 MB used.

Virtual space:
  Non-class space:       64.00 MB reserved,      17.44 MB ( 27%) committed,  1 nodes.
      Class space:        1.00 GB reserved,       1.81 MB ( <1%) committed,  1 nodes.
             Both:        1.06 GB reserved,      19.25 MB (  2%) committed. 

Chunk freelists:
   Non-Class:  14.62 MB
       Class:  14.16 MB
        Both:  28.77 MB

MaxMetaspaceSize: unlimited
CompressedClassSpaceSize: 1.00 GB
Initial GC threshold: 21.00 MB
Current GC threshold: 21.00 MB
CDS: on
 - commit_granule_bytes: 65536.
 - commit_granule_words: 8192.
 - virtual_space_node_default_size: 8388608.
 - enlarge_chunks_in_place: 1.
UseCompressedClassPointers 1, UseCompactObjectHeaders 0
Narrow klass pointer bits 32, Max shift 3
Narrow klass base: 0x000002168b000000, Narrow klass shift: 0
Encoding Range: [0x000002168b000000 - 0x000002178b000000), (4294967296 bytes)
Klass Range:    [0x000002168b000000 - 0x00000216cc000000), (1090519040 bytes)
Klass ID Range:  [8 - 1090519033) (1090519025)


Internal statistics:

num_allocs_failed_limit: 0.
num_arena_births: 294.
num_arena_deaths: 0.
num_vsnodes_births: 2.
num_vsnodes_deaths: 0.
num_space_committed: 308.
num_space_uncommitted: 0.
num_chunks_returned_to_freelist: 0.
num_chunks_taken_from_freelist: 474.
num_chunk_merges: 0.
num_chunk_splits: 268.
num_chunks_enlarged: 111.
num_inconsistent_stats: 0.

CodeHeap 'non-profiled nmethods': size=119232Kb used=3765Kb max_used=3765Kb free=115466Kb
 bounds [0x00000216f5550000, 0x00000216f5900000, 0x00000216fc9c0000]
CodeHeap 'profiled nmethods': size=119104Kb used=8153Kb max_used=8153Kb free=110950Kb
 bounds [0x00000216ed9c0000, 0x00000216ee1c0000, 0x00000216f4e10000]
CodeHeap 'non-nmethods': size=7424Kb used=1586Kb max_used=3342Kb free=5837Kb
 bounds [0x00000216f4e10000, 0x00000216f5160000, 0x00000216f5550000]
CodeCache: size=245760Kb, used=13504Kb, max_used=15260Kb, free=232253Kb
 total_blobs=5740, nmethods=4981, adapters=663, full_count=0
Compilation: enabled, stopped_count=0, restarted_count=0

Compilation events (20 events):
Event: 1967.899 Thread 0x00000216ff92acb0 4980       4       sun.nio.ch.NioSocketImpl::timedRead (85 bytes)
Event: 1967.925 Thread 0x00000216ff92acb0 nmethod 4980 0x00000216f58f1408 code [0x00000216f58f1860, 0x00000216f58f4ec0]
Event: 1967.925 Thread 0x00000216ff92acb0 4981   !   4       sun.nio.ch.NioSocketImpl::endRead (58 bytes)
Event: 1967.925 Thread 0x00000216ff92acb0 nmethod 4981 0x00000216f58f5208 code [0x00000216f58f5320, 0x00000216f58f5598]
Event: 2067.147 Thread 0x00000216ff92acb0 4982       4       java.awt.AWTEvent::<init> (73 bytes)
Event: 2067.149 Thread 0x00000216ff92acb0 nmethod 4982 0x00000216f58f5608 code [0x00000216f58f5720, 0x00000216f58f5990]
Event: 2145.583 Thread 0x00000216ff92acb0 4983   !   4       sun.nio.ch.NioSocketImpl::beginRead (30 bytes)
Event: 2145.584 Thread 0x00000216ff92acb0 nmethod 4983 0x00000216f58f5a08 code [0x00000216f58f5b20, 0x00000216f58f5dc8]
Event: 2236.386 Thread 0x00000216ff92acb0 4984       4       sun.rmi.transport.ObjectEndpoint::hashCode (27 bytes)
Event: 2236.387 Thread 0x00000216ff92acb0 nmethod 4984 0x00000216f58f5e08 code [0x00000216f58f5f20, 0x00000216f58f6010]
Event: 2239.504 Thread 0x00000216ff92acb0 4985   !   4       sun.rmi.transport.Transport::serviceCall (338 bytes)
Event: 2239.531 Thread 0x00000216ff92acb0 nmethod 4985 0x00000216f58f6108 code [0x00000216f58f64c0, 0x00000216f58f8cd0]
Event: 2239.531 Thread 0x00000216ff92acb0 4986       4       java.rmi.server.ObjID::read (22 bytes)
Event: 2239.537 Thread 0x00000216ff92acb0 nmethod 4986 0x00000216f58f9008 code [0x00000216f58f91c0, 0x00000216f58f9960]
Event: 2243.669 Thread 0x00000216ff92acb0 4987       4       javax.management.remote.rmi.RMIConnectionImpl::doOperation (683 bytes)
Event: 2243.708 Thread 0x00000216ff92acb0 nmethod 4987 0x00000216f58f9a88 code [0x00000216f58f9f40, 0x00000216f58fcfa0]
Event: 2244.185 Thread 0x00000216ff92ba90 4988       3       sun.awt.windows.WComponentPeer::getGraphicsConfiguration (23 bytes)
Event: 2244.185 Thread 0x00000216ff92acb0 4989       4       sun.java2d.StateTrackableDelegate::markDirty (6 bytes)
Event: 2244.185 Thread 0x00000216ff92ba90 nmethod 4988 0x00000216ee1b5f08 code [0x00000216ee1b6040, 0x00000216ee1b63f8]
Event: 2244.186 Thread 0x00000216ff92acb0 nmethod 4989 0x00000216f58fd308 code [0x00000216f58fd400, 0x00000216f58fd4e8]

GC Heap History (2 events):
Event: 20.430 GC heap before
{Heap before GC invocations=0 (full 0):
 garbage-first heap   total reserved 8302592K, committed 524288K, used 70772K [0x0000000605400000, 0x0000000800000000)
  region size 4096K, 12 young (49152K), 0 survivors (0K)
 Metaspace       used 15901K, committed 16128K, reserved 1114112K
  class space    used 1437K, committed 1536K, reserved 1048576K
}
Event: 20.438 GC heap after
{Heap after GC invocations=1 (full 0):
 garbage-first heap   total reserved 8302592K, committed 524288K, used 25632K [0x0000000605400000, 0x0000000800000000)
  region size 4096K, 1 young (4096K), 1 survivors (4096K)
 Metaspace       used 15901K, committed 16128K, reserved 1114112K
  class space    used 1437K, committed 1536K, reserved 1048576K
}

Dll operation events (15 events):
Event: 0.010 Loaded shared library C:\Program Files\Java\jdk-24\bin\java.dll
Event: 0.042 Loaded shared library C:\Program Files\Java\jdk-24\bin\jsvml.dll
Event: 0.082 Loaded shared library C:\Program Files\Java\jdk-24\bin\zip.dll
Event: 0.086 Loaded shared library C:\Program Files\Java\jdk-24\bin\instrument.dll
Event: 0.091 Loaded shared library C:\Program Files\Java\jdk-24\bin\net.dll
Event: 0.092 Loaded shared library C:\Program Files\Java\jdk-24\bin\nio.dll
Event: 0.099 Loaded shared library C:\Program Files\Java\jdk-24\bin\zip.dll
Event: 0.129 Loaded shared library C:\Program Files\Java\jdk-24\bin\jimage.dll
Event: 0.131 Loaded shared library C:\Program Files\Java\jdk-24\bin\extnet.dll
Event: 0.143 Loaded shared library C:\Program Files\Java\jdk-24\bin\awt.dll
Event: 0.190 Loaded shared library C:\Program Files\Java\jdk-24\bin\management.dll
Event: 0.205 Loaded shared library C:\Program Files\Java\jdk-24\bin\management_ext.dll
Event: 0.602 Loaded shared library C:\Program Files\Java\jdk-24\bin\freetype.dll
Event: 0.605 Loaded shared library C:\Program Files\Java\jdk-24\bin\fontmanager.dll
Event: 55.521 Loaded shared library C:\Users\aigar\AppData\Local\Temp\sqlite-3.50.1.0-1bfa5134-c847-49c5-89bc-704d0df79880-sqlitejdbc.dll

Deoptimization events (20 events):
Event: 1860.735 Thread 0x00000216d072e1d0 Uncommon trap: trap_request=0xffffff4d fr.pc=0x00000216f58bd86c relative=0x0000000000000e8c
Event: 1860.735 Thread 0x00000216d072e1d0 Uncommon trap: reason=unstable_if action=reinterpret pc=0x00000216f58bd86c method=sun.nio.ch.NioSocketImpl.configureNonBlockingIfNeeded(Ljava/io/FileDescriptor;Z)V @ 4 c2
Event: 1860.735 Thread 0x00000216d072e1d0 DEOPT PACKING pc=0x00000216f58bd86c sp=0x000000559e6ff1a0
Event: 1860.735 Thread 0x00000216d072e1d0 DEOPT UNPACKING pc=0x00000216f4f28602 sp=0x000000559e6fee58 mode 2
Event: 1860.736 Thread 0x00000216d072e1d0 Uncommon trap: trap_request=0xffffff4d fr.pc=0x00000216f58a31b4 relative=0x0000000000000994
Event: 1860.736 Thread 0x00000216d072e1d0 Uncommon trap: reason=unstable_if action=reinterpret pc=0x00000216f58a31b4 method=sun.nio.ch.Util$BufferCache.get(I)Ljava/nio/ByteBuffer; @ 25 c2
Event: 1860.736 Thread 0x00000216d072e1d0 DEOPT PACKING pc=0x00000216f58a31b4 sp=0x000000559e6fed80
Event: 1860.736 Thread 0x00000216d072e1d0 DEOPT UNPACKING pc=0x00000216f4f28602 sp=0x000000559e6fec40 mode 2
Event: 1948.969 Thread 0x00000216d05c9bd0 Uncommon trap: trap_request=0xffffff4d fr.pc=0x00000216f5830498 relative=0x0000000000000c78
Event: 1948.969 Thread 0x00000216d05c9bd0 Uncommon trap: reason=unstable_if action=reinterpret pc=0x00000216f5830498 method=sun.java2d.pipe.Region.getIntersectionXYXY(IIII)Lsun/java2d/pipe/Region; @ 72 c2
Event: 1948.969 Thread 0x00000216d05c9bd0 DEOPT PACKING pc=0x00000216f5830498 sp=0x00000055a03feac0
Event: 1948.969 Thread 0x00000216d05c9bd0 DEOPT UNPACKING pc=0x00000216f4f28602 sp=0x00000055a03fe890 mode 2
Event: 1948.972 Thread 0x00000216d05c9bd0 Uncommon trap: trap_request=0xffffff4d fr.pc=0x00000216f57a9994 relative=0x00000000000001d4
Event: 1948.972 Thread 0x00000216d05c9bd0 Uncommon trap: reason=unstable_if action=reinterpret pc=0x00000216f57a9994 method=sun.swing.ImageCache$Entry.equals(Ljava/awt/GraphicsConfiguration;II[Ljava/lang/Object;)Z @ 31 c2
Event: 1948.972 Thread 0x00000216d05c9bd0 DEOPT PACKING pc=0x00000216f57a9994 sp=0x00000055a03fd550
Event: 1948.972 Thread 0x00000216d05c9bd0 DEOPT UNPACKING pc=0x00000216f4f28602 sp=0x00000055a03fd4d0 mode 2
Event: 1948.973 Thread 0x00000216d05c9bd0 Uncommon trap: trap_request=0xffffff4d fr.pc=0x00000216f57edd58 relative=0x0000000000001e98
Event: 1948.973 Thread 0x00000216d05c9bd0 Uncommon trap: reason=unstable_if action=reinterpret pc=0x00000216f57edd58 method=sun.java2d.SurfaceData.canRenderLCDText(Lsun/java2d/SunGraphics2D;)Z @ 38 c2
Event: 1948.973 Thread 0x00000216d05c9bd0 DEOPT PACKING pc=0x00000216f57edd58 sp=0x00000055a03fd5d0
Event: 1948.973 Thread 0x00000216d05c9bd0 DEOPT UNPACKING pc=0x00000216f4f28602 sp=0x00000055a03fd520 mode 2

Classes loaded (20 events):
Event: 116.269 Loading class java/awt/geom/RectIterator
Event: 116.269 Loading class java/awt/geom/RectIterator done
Event: 116.274 Loading class sun/awt/UngrabEvent
Event: 116.274 Loading class sun/awt/UngrabEvent done
Event: 117.032 Loading class javax/swing/event/ListDataEvent
Event: 117.033 Loading class javax/swing/event/ListDataEvent done
Event: 156.021 Loading class javax/swing/plaf/basic/BasicRootPaneUI$Actions
Event: 156.021 Loading class javax/swing/plaf/basic/BasicRootPaneUI$Actions done
Event: 156.022 Loading class jdk/internal/event/ThreadSleepEvent
Event: 156.022 Loading class jdk/internal/event/ThreadSleepEvent done
Event: 170.786 Loading class javax/swing/text/GapContent$RemoveUndo
Event: 170.786 Loading class javax/swing/text/GapContent$RemoveUndo done
Event: 170.787 Loading class javax/swing/text/GapContent$UndoPosRef
Event: 170.787 Loading class javax/swing/text/GapContent$UndoPosRef done
Event: 1948.911 Loading class java/util/WeakHashMap$KeyIterator
Event: 1948.951 Loading class java/util/WeakHashMap$HashIterator
Event: 1948.952 Loading class java/util/WeakHashMap$HashIterator done
Event: 1948.952 Loading class java/util/WeakHashMap$KeyIterator done
Event: 1948.954 Loading class javax/swing/RepaintManager$DisplayChangedRunnable
Event: 1948.954 Loading class javax/swing/RepaintManager$DisplayChangedRunnable done

Classes unloaded (0 events):
No events

Classes redefined (0 events):
No events

Internal exceptions (20 events):
Event: 0.626 Thread 0x00000216d07b1770 Exception <a 'java/lang/NoSuchMethodError'{0x0000000623070050}: 'double java.lang.invoke.DelegatingMethodHandle$Holder.reinvoke_L(java.lang.Object, java.lang.Object)'> (0x0000000623070050) 
thrown [s\open\src\hotspot\share\interpreter\linkResolver.cpp, line 805]
Event: 0.629 Thread 0x00000216d05c9bd0 Exception <a 'java/lang/NoSuchMethodError'{0x00000006235a8d48}: 'java.lang.Object java.lang.invoke.DirectMethodHandle$Holder.newInvokeSpecial(java.lang.Object, int, java.lang.Object)'> (0x00000006235a8d48) 
thrown [s\open\src\hotspot\share\interpreter\linkResolver.cpp, line 805]
Event: 0.668 Thread 0x00000216d05c9bd0 Exception <a 'java/lang/NoSuchMethodError'{0x00000006231345d8}: 'void java.lang.invoke.DelegatingMethodHandle$Holder.reinvoke_L(java.lang.Object, java.lang.Object, java.lang.Object, java.lang.Object, long, long, float)'> (0x00000006231345d8) 
thrown [s\open\src\hotspot\share\interpreter\linkResolver.cpp, line 805]
Event: 0.670 Thread 0x00000216d05c9bd0 Exception <a 'java/lang/NoSuchMethodError'{0x00000006231546f8}: 'java.lang.Object java.lang.invoke.DirectMethodHandle$Holder.invokeStatic(java.lang.Object, java.lang.Object, java.lang.Object, java.lang.Object, java.lang.Object, long)'> (0x00000006231546f8) 
thrown [s\open\src\hotspot\share\interpreter\linkResolver.cpp, line 805]
Event: 0.672 Thread 0x00000216d05c9bd0 Exception <a 'java/lang/NoSuchMethodError'{0x00000006231978a8}: 'float java.lang.invoke.DelegatingMethodHandle$Holder.reinvoke_L(java.lang.Object, java.lang.Object, java.lang.Object, java.lang.Object, long, long)'> (0x00000006231978a8) 
thrown [s\open\src\hotspot\share\interpreter\linkResolver.cpp, line 805]
Event: 1.040 Thread 0x00000216d07b1770 Exception <a 'java/lang/NoSuchMethodError'{0x0000000623097ce8}: 'long java.lang.invoke.DirectMethodHandle$Holder.invokeVirtual(java.lang.Object, java.lang.Object)'> (0x0000000623097ce8) 
thrown [s\open\src\hotspot\share\interpreter\linkResolver.cpp, line 805]
Event: 1.041 Thread 0x00000216d07b1770 Exception <a 'java/lang/NoSuchMethodError'{0x00000006230a7f98}: 'long java.lang.invoke.DelegatingMethodHandle$Holder.reinvoke_L(java.lang.Object, java.lang.Object)'> (0x00000006230a7f98) 
thrown [s\open\src\hotspot\share\interpreter\linkResolver.cpp, line 805]
Event: 45.181 Thread 0x00000216d05c9bd0 Implicit null exception at 0x00000216f56153ea to 0x00000216f5615435
Event: 45.182 Thread 0x00000216d05c9bd0 Implicit null exception at 0x00000216f562fdea to 0x00000216f562fe35
Event: 45.182 Thread 0x00000216d05c9bd0 Implicit null exception at 0x00000216f56a75ea to 0x00000216f56a7658
Event: 45.200 Thread 0x00000216d05c9bd0 Implicit null exception at 0x00000216f5617ef1 to 0x00000216f5617fb0
Event: 45.200 Thread 0x00000216d05c9bd0 Implicit null exception at 0x00000216f5613e71 to 0x00000216f5613f24
Event: 45.208 Thread 0x00000216d05c9bd0 Implicit null exception at 0x00000216f561754e to 0x00000216f56175e5
Event: 45.316 Thread 0x00000216d05c9bd0 Exception <a 'java/lang/NoSuchMethodError'{0x00000006236f2070}: 'int java.lang.invoke.DirectMethodHandle$Holder.invokeStatic(java.lang.Object)'> (0x00000006236f2070) 
thrown [s\open\src\hotspot\share\interpreter\linkResolver.cpp, line 805]
Event: 55.428 Thread 0x00000216d05c9bd0 Exception <a 'sun/nio/fs/WindowsException'{0x000000062334ccb8}> (0x000000062334ccb8) 
thrown [s\open\src\hotspot\share\prims\jni.cpp, line 518]
Event: 55.454 Thread 0x00000216d05c9bd0 Exception <a 'sun/nio/fs/WindowsException'{0x0000000623372450}> (0x0000000623372450) 
thrown [s\open\src\hotspot\share\prims\jni.cpp, line 518]
Event: 55.457 Thread 0x00000216d05c9bd0 Exception <a 'sun/nio/fs/WindowsException'{0x00000006233731c0}> (0x00000006233731c0) 
thrown [s\open\src\hotspot\share\prims\jni.cpp, line 518]
Event: 55.538 Thread 0x00000216d05c9bd0 Exception <a 'java/lang/NoSuchMethodError'{0x0000000622c2eca8}: 'java.lang.Object java.lang.invoke.DirectMethodHandle$Holder.newInvokeSpecial(java.lang.Object, java.lang.Object, long)'> (0x0000000622c2eca8) 
thrown [s\open\src\hotspot\share\interpreter\linkResolver.cpp, line 805]
Event: 61.253 Thread 0x00000216d05c9bd0 Exception <a 'java/lang/NoSuchMethodError'{0x0000000622d89278}: 'java.lang.Object java.lang.invoke.DirectMethodHandle$Holder.invokeSpecial(java.lang.Object, java.lang.Object, int, java.lang.Object, long)'> (0x0000000622d89278) 
thrown [s\open\src\hotspot\share\interpreter\linkResolver.cpp, line 805]
Event: 61.254 Thread 0x00000216d05c9bd0 Exception <a 'java/lang/NoSuchMethodError'{0x0000000622e825d0}: 'java.lang.Object java.lang.invoke.DirectMethodHandle$Holder.newInvokeSpecial(java.lang.Object, java.lang.Object, int)'> (0x0000000622e825d0) 
thrown [s\open\src\hotspot\share\interpreter\linkResolver.cpp, line 805]

VM Operations (20 events):
Event: 60.185 Executing VM operation: HandshakeAllThreads (HandshakeForDeflation)
Event: 60.185 Executing VM operation: HandshakeAllThreads (HandshakeForDeflation) done
Event: 60.185 Executing VM operation: RendezvousGCThreads
Event: 60.185 Executing VM operation: RendezvousGCThreads done
Event: 61.269 Executing VM operation: HandshakeAllThreads (Deoptimize)
Event: 61.269 Executing VM operation: HandshakeAllThreads (Deoptimize) done
Event: 116.264 Executing VM operation: HandshakeAllThreads (Deoptimize)
Event: 116.264 Executing VM operation: HandshakeAllThreads (Deoptimize) done
Event: 120.319 Executing VM operation: HandshakeAllThreads (HandshakeForDeflation)
Event: 120.319 Executing VM operation: HandshakeAllThreads (HandshakeForDeflation) done
Event: 120.320 Executing VM operation: RendezvousGCThreads
Event: 120.320 Executing VM operation: RendezvousGCThreads done
Event: 180.577 Executing VM operation: HandshakeAllThreads (HandshakeForDeflation)
Event: 180.577 Executing VM operation: HandshakeAllThreads (HandshakeForDeflation) done
Event: 180.577 Executing VM operation: RendezvousGCThreads
Event: 180.577 Executing VM operation: RendezvousGCThreads done
Event: 1984.853 Executing VM operation: HandshakeAllThreads (HandshakeForDeflation)
Event: 1984.853 Executing VM operation: HandshakeAllThreads (HandshakeForDeflation) done
Event: 1984.854 Executing VM operation: RendezvousGCThreads
Event: 1984.854 Executing VM operation: RendezvousGCThreads done

Memory protections (0 events):
No events

Nmethod flushes (0 events):
No events

Events (20 events):
Event: 55.895 Thread 0x00000216d03e1f00 Thread exited: 0x00000216d03e1f00
Event: 57.339 Thread 0x00000216d03e2690 Thread exited: 0x00000216d03e2690
Event: 57.339 Thread 0x00000216d2d17970 Thread exited: 0x00000216d2d17970
Event: 57.340 Thread 0x00000216d2e8e090 Thread exited: 0x00000216d2e8e090
Event: 61.373 Thread 0x00000216ff92ba90 Thread added: 0x00000216d461d990
Event: 62.275 Thread 0x00000216d461d990 Thread exited: 0x00000216d461d990
Event: 66.844 Thread 0x00000216ff92ba90 Thread added: 0x00000216d3653ef0
Event: 69.583 Thread 0x00000216d3653ef0 Thread exited: 0x00000216d3653ef0
Event: 120.619 Thread 0x00000216d05c9bd0 Thread added: 0x00000216d0730660
Event: 120.620 Thread 0x00000216d0730660 Thread exited: 0x00000216d0730660
Event: 132.180 Thread 0x00000216ff92ba90 Thread added: 0x00000216d2bfa400
Event: 132.899 Thread 0x00000216d2bfa400 Thread exited: 0x00000216d2bfa400
Event: 135.331 Thread 0x00000216ff92ba90 Thread added: 0x00000216d2bfa400
Event: 136.771 Thread 0x00000216d2bfa400 Thread exited: 0x00000216d2bfa400
Event: 203.196 Thread 0x00000216ff92ba90 Thread added: 0x00000216d055dc50
Event: 203.196 Thread 0x00000216ff92ba90 Thread added: 0x00000216d055e3e0
Event: 205.336 Thread 0x00000216d055e3e0 Thread exited: 0x00000216d055e3e0
Event: 205.336 Thread 0x00000216d055dc50 Thread exited: 0x00000216d055dc50
Event: 1860.733 Thread 0x00000216d06ab230 Thread added: 0x00000216d072e1d0
Event: 1936.076 Thread 0x00000216d072e1d0 Thread exited: 0x00000216d072e1d0


Dynamic libraries:
0x00007ff67aef0000 - 0x00007ff67af00000 	C:\Program Files\Java\jdk-24\bin\java.exe
0x00007ffb3aa20000 - 0x00007ffb3ac85000 	C:\WINDOWS\SYSTEM32\ntdll.dll
0x00007ffb39070000 - 0x00007ffb39139000 	C:\WINDOWS\System32\KERNEL32.DLL
0x00007ffb37b70000 - 0x00007ffb37f58000 	C:\WINDOWS\System32\KERNELBASE.dll
0x00007ffb381b0000 - 0x00007ffb382fb000 	C:\WINDOWS\System32\ucrtbase.dll
0x00007ffaec530000 - 0x00007ffaec54b000 	C:\Program Files\Java\jdk-24\bin\VCRUNTIME140.dll
0x00007ffaec9f0000 - 0x00007ffaeca06000 	C:\Program Files\Java\jdk-24\bin\jli.dll
0x00007ffb38c10000 - 0x00007ffb38dda000 	C:\WINDOWS\System32\USER32.dll
0x00007ffb1cfd0000 - 0x00007ffb1d26a000 	C:\WINDOWS\WinSxS\amd64_microsoft.windows.common-controls_6595b64144ccf1df_6.0.26100.4202_none_3e0698d4e335f517\COMCTL32.dll
0x00007ffb38180000 - 0x00007ffb381a7000 	C:\WINDOWS\System32\win32u.dll
0x00007ffb39b30000 - 0x00007ffb39bd9000 	C:\WINDOWS\System32\msvcrt.dll
0x00007ffb39e20000 - 0x00007ffb39e4b000 	C:\WINDOWS\System32\GDI32.dll
0x00007ffb38300000 - 0x00007ffb38437000 	C:\WINDOWS\System32\gdi32full.dll
0x00007ffb38650000 - 0x00007ffb386f3000 	C:\WINDOWS\System32\msvcp_win.dll
0x00007ffb387c0000 - 0x00007ffb387f0000 	C:\WINDOWS\System32\IMM32.DLL
0x00007ffafd180000 - 0x00007ffafd18c000 	C:\Program Files\Java\jdk-24\bin\vcruntime140_1.dll
0x00007ffac0170000 - 0x00007ffac01fe000 	C:\Program Files\Java\jdk-24\bin\msvcp140.dll
0x00007ffa6e3f0000 - 0x00007ffa6f192000 	C:\Program Files\Java\jdk-24\bin\server\jvm.dll
0x00007ffb389f0000 - 0x00007ffb38aa3000 	C:\WINDOWS\System32\ADVAPI32.dll
0x00007ffb38de0000 - 0x00007ffb38e86000 	C:\WINDOWS\System32\sechost.dll
0x00007ffb3a8c0000 - 0x00007ffb3a9d5000 	C:\WINDOWS\System32\RPCRT4.dll
0x00007ffb39e50000 - 0x00007ffb39ec4000 	C:\WINDOWS\System32\WS2_32.dll
0x00007ffb36750000 - 0x00007ffb367ae000 	C:\WINDOWS\SYSTEM32\POWRPROF.dll
0x00007ffb2b480000 - 0x00007ffb2b4b5000 	C:\WINDOWS\SYSTEM32\WINMM.dll
0x00007ffb2b150000 - 0x00007ffb2b15b000 	C:\WINDOWS\SYSTEM32\VERSION.dll
0x00007ffb36730000 - 0x00007ffb36744000 	C:\WINDOWS\SYSTEM32\UMPDC.dll
0x00007ffb36a10000 - 0x00007ffb36a2b000 	C:\WINDOWS\SYSTEM32\kernel.appcore.dll
0x00007ffafcd80000 - 0x00007ffafcd8a000 	C:\Program Files\Java\jdk-24\bin\jimage.dll
0x00007ffb353a0000 - 0x00007ffb355e1000 	C:\WINDOWS\SYSTEM32\DBGHELP.DLL
0x00007ffb391c0000 - 0x00007ffb39545000 	C:\WINDOWS\System32\combase.dll
0x00007ffb38800000 - 0x00007ffb388e1000 	C:\WINDOWS\System32\OLEAUT32.dll
0x00007ffb1d420000 - 0x00007ffb1d459000 	C:\WINDOWS\SYSTEM32\dbgcore.DLL
0x00007ffb380e0000 - 0x00007ffb38179000 	C:\WINDOWS\System32\bcryptPrimitives.dll
0x00007ffafbd50000 - 0x00007ffafbd5f000 	C:\Program Files\Java\jdk-24\bin\instrument.dll
0x00007ffaeb340000 - 0x00007ffaeb35e000 	C:\Program Files\Java\jdk-24\bin\java.dll
0x00007ffb39fc0000 - 0x00007ffb3a15e000 	C:\WINDOWS\System32\ole32.dll
0x00007ffb3a170000 - 0x00007ffb3a8b2000 	C:\WINDOWS\System32\SHELL32.dll
0x00007ffb37f60000 - 0x00007ffb380d4000 	C:\WINDOWS\System32\wintypes.dll
0x00007ffb357b0000 - 0x00007ffb36008000 	C:\WINDOWS\SYSTEM32\windows.storage.dll
0x00007ffb39a30000 - 0x00007ffb39b21000 	C:\WINDOWS\System32\SHCORE.dll
0x00007ffb39be0000 - 0x00007ffb39c4a000 	C:\WINDOWS\System32\shlwapi.dll
0x00007ffb37a80000 - 0x00007ffb37aaf000 	C:\WINDOWS\SYSTEM32\profapi.dll
0x00007ffaa6560000 - 0x00007ffaa6637000 	C:\Program Files\Java\jdk-24\bin\jsvml.dll
0x00007ffae2f80000 - 0x00007ffae2f97000 	C:\Program Files\Java\jdk-24\bin\zip.dll
0x00007ffafc060000 - 0x00007ffafc070000 	C:\Program Files\Java\jdk-24\bin\net.dll
0x00007ffb36f60000 - 0x00007ffb36fca000 	C:\WINDOWS\system32\mswsock.dll
0x00007ffae33a0000 - 0x00007ffae33b6000 	C:\Program Files\Java\jdk-24\bin\nio.dll
0x00007ffafa240000 - 0x00007ffafa249000 	C:\Program Files\Java\jdk-24\bin\extnet.dll
0x00007ffa9f850000 - 0x00007ffa9f9cf000 	C:\Program Files\Java\jdk-24\bin\awt.dll
0x00007ffb34630000 - 0x00007ffb346ce000 	C:\WINDOWS\SYSTEM32\apphelp.dll
0x00007ffb36420000 - 0x00007ffb36547000 	C:\WINDOWS\SYSTEM32\DNSAPI.dll
0x00007ffb36390000 - 0x00007ffb363c3000 	C:\WINDOWS\SYSTEM32\IPHLPAPI.DLL
0x00007ffb39c50000 - 0x00007ffb39c5a000 	C:\WINDOWS\System32\NSI.dll
0x00007ffb30f50000 - 0x00007ffb30f5b000 	C:\Windows\System32\rasadhlp.dll
0x00007ffb326f0000 - 0x00007ffb32776000 	C:\WINDOWS\System32\fwpuclnt.dll
0x00007ffaf9350000 - 0x00007ffaf935a000 	C:\Program Files\Java\jdk-24\bin\management.dll
0x00007ffaf8200000 - 0x00007ffaf820b000 	C:\Program Files\Java\jdk-24\bin\management_ext.dll
0x00007ffb39a20000 - 0x00007ffb39a28000 	C:\WINDOWS\System32\PSAPI.DLL
0x00007ffb34760000 - 0x00007ffb3480f000 	C:\WINDOWS\system32\uxtheme.dll
0x00007ffb04220000 - 0x00007ffb04353000 	C:\ProgramData\A-Volute\A-Volute.Nahimic\Modules\Scheduled\x64\AudioDevProps2.dll
0x00007ffb39cb0000 - 0x00007ffb39e10000 	C:\WINDOWS\System32\MSCTF.dll
0x00007ffb34d90000 - 0x00007ffb34dc6000 	C:\WINDOWS\system32\DWMAPI.DLL
0x00007ffaa6640000 - 0x00007ffaa6754000 	C:\WINDOWS\system32\opengl32.dll
0x00007ffaeb540000 - 0x00007ffaeb56d000 	C:\WINDOWS\SYSTEM32\GLU32.dll
0x00007ffb34ba0000 - 0x00007ffb34bed000 	C:\WINDOWS\SYSTEM32\dxcore.dll
0x00007ffb37340000 - 0x00007ffb3735b000 	C:\WINDOWS\SYSTEM32\CRYPTSP.dll
0x00007ffb36970000 - 0x00007ffb369aa000 	C:\WINDOWS\system32\rsaenh.dll
0x00007ffb37000000 - 0x00007ffb3702b000 	C:\WINDOWS\SYSTEM32\USERENV.dll
0x00007ffb37a50000 - 0x00007ffb37a76000 	C:\WINDOWS\SYSTEM32\bcrypt.dll
0x00007ffb371a0000 - 0x00007ffb371ac000 	C:\WINDOWS\SYSTEM32\CRYPTBASE.dll
0x00007ffb16230000 - 0x00007ffb16248000 	C:\WINDOWS\system32\napinsp.dll
0x00007ffb15aa0000 - 0x00007ffb15ab2000 	C:\WINDOWS\System32\winrnr.dll
0x00007ffb15a60000 - 0x00007ffb15a90000 	C:\WINDOWS\system32\nlansp_c.dll
0x00007ffb159f0000 - 0x00007ffb15a10000 	C:\WINDOWS\system32\wshbth.dll
0x00007ffabde20000 - 0x00007ffabdea7000 	C:\Program Files\Java\jdk-24\bin\freetype.dll
0x00007ffaa6480000 - 0x00007ffaa6557000 	C:\Program Files\Java\jdk-24\bin\fontmanager.dll
0x00007ffb15ac0000 - 0x00007ffb15b0e000 	C:\WINDOWS\SYSTEM32\pdh.dll
0x00007ffb10330000 - 0x00007ffb10480000 	C:\WINDOWS\SYSTEM32\textinputframework.dll
0x00007ffb34240000 - 0x00007ffb34365000 	C:\WINDOWS\SYSTEM32\CoreMessaging.dll
0x00007ffb2dac0000 - 0x00007ffb2dda3000 	C:\WINDOWS\SYSTEM32\CoreUIComponents.dll
0x00007ffb34570000 - 0x00007ffb34582000 	C:\WINDOWS\System32\perfproc.dll
0x00007ffb38b60000 - 0x00007ffb38c08000 	C:\WINDOWS\System32\clbcatq.dll
0x00007ffb32cd0000 - 0x00007ffb32f09000 	C:\WINDOWS\SYSTEM32\WindowsCodecs.dll
0x00007ffae8980000 - 0x00007ffae89da000 	C:\WINDOWS\system32\dataexchange.dll
0x00007ffb25a50000 - 0x00007ffb25c8a000 	C:\WINDOWS\system32\twinapi.appcore.dll
0x00007ffabda20000 - 0x00007ffabdb1b000 	C:\Users\aigar\AppData\Local\Temp\sqlite-3.50.1.0-1bfa5134-c847-49c5-89bc-704d0df79880-sqlitejdbc.dll

JVMTI agents:
C:\Program Files\JetBrains\IntelliJ IDEA 2025.1.1.1\lib\idea_rt.jar path:C:\Program Files\Java\jdk-24\bin\instrument.dll, loaded, initialized, instrumentlib options:53756

dbghelp: loaded successfully - version: 4.0.5 - missing functions: none
symbol engine: initialized successfully - sym options: 0x614 - pdb path: .;C:\Program Files\Java\jdk-24\bin;C:\WINDOWS\SYSTEM32;C:\WINDOWS\WinSxS\amd64_microsoft.windows.common-controls_6595b64144ccf1df_6.0.26100.4202_none_3e0698d4e335f517;C:\Program Files\Java\jdk-24\bin\server;C:\ProgramData\A-Volute\A-Volute.Nahimic\Modules\Scheduled\x64;C:\Users\aigar\AppData\Local\Temp

VM Arguments:
jvm_args: -javaagent:C:\Program Files\JetBrains\IntelliJ IDEA 2025.1.1.1\lib\idea_rt.jar=53756 -Dfile.encoding=UTF-8 -Dsun.stdout.encoding=UTF-8 -Dsun.stderr.encoding=UTF-8 
java_command: App
java_class_path (initial): C:\Users\aigar\IdeaProjects\BattleShip\out\production\BattleShip;C:\Users\aigar\IdeaProjects\BattleShip\sqlite-jdbc-3.50.1.0.jar
Launcher Type: SUN_STANDARD

[Global flags]
     intx CICompilerCount                          = 12                                        {product} {ergonomic}
     uint ConcGCThreads                            = 4                                         {product} {ergonomic}
     uint G1ConcRefinementThreads                  = 16                                        {product} {ergonomic}
   size_t G1HeapRegionSize                         = 4194304                                   {product} {ergonomic}
   size_t InitialHeapSize                          = 532676608                                 {product} {ergonomic}
   size_t MarkStackSize                            = 4194304                                   {product} {ergonomic}
   size_t MarkStackSizeMax                         = 536870912                                 {product} {ergonomic}
   size_t MaxHeapSize                              = 8501854208                                {product} {ergonomic}
   size_t MaxNewSize                               = 5100273664                                {product} {ergonomic}
   size_t MinHeapDeltaBytes                        = 4194304                                   {product} {ergonomic}
   size_t MinHeapSize                              = 8388608                                   {product} {ergonomic}
    uintx NonNMethodCodeHeapSize                   = 7602176                                {pd product} {ergonomic}
    uintx NonProfiledCodeHeapSize                  = 122093568                              {pd product} {ergonomic}
    uintx ProfiledCodeHeapSize                     = 121962496                              {pd product} {ergonomic}
    uintx ReservedCodeCacheSize                    = 251658240                              {pd product} {ergonomic}
     bool SegmentedCodeCache                       = true                                      {product} {ergonomic}
   size_t SoftMaxHeapSize                          = 8501854208                             {manageable} {ergonomic}
     bool UseCompressedOops                        = true                           {product lp64_product} {ergonomic}
     bool UseG1GC                                  = true                                      {product} {ergonomic}
     bool UseLargePagesIndividualAllocation        = false                                  {pd product} {ergonomic}

Logging:
Log output configuration:
 #0: stdout all=warning uptime,level,tags foldmultilines=false
 #1: stderr all=off uptime,level,tags foldmultilines=false

Environment Variables:
PATH=C:\Users\aigar\AppData\Local\Programs\Python\Python313\Scripts\;C:\Users\aigar\AppData\Local\Programs\Python\Python313\;C:\Program Files\Common Files\Oracle\Java\javapath;C:\Windows\system32;C:\Windows;C:\Windows\System32\Wbem;C:\Windows\System32\WindowsPowerShell\v1.0\;C:\Windows\System32\OpenSSH\;C:\Program Files\dotnet\;C:\Program Files (x86)\NVIDIA Corporation\PhysX\Common;C:\Program Files\NVIDIA Corporation\NVIDIA NvDLISR;C:\Program Files (x86)\IDEMIA\AWP\Dlls;C:\Program Files\IDEMIA\AWP\Dlls;C:\WINDOWS\system32;C:\WINDOWS;C:\WINDOWS\System32\Wbem;C:\WINDOWS\System32\WindowsPowerShell\v1.0\;C:\WINDOWS\System32\OpenSSH\;C:\xampp\php;C:\Program Files\Git\cmd;C:\Program Files\nodejs\;C:\ProgramData\chocolatey\bin;C:\Users\aigar\AppData\Local\Programs\Python\Launcher\;C:\Users\aigar\AppData\Local\Programs\Python\Python310\Scripts\;C:\Users\aigar\AppData\Local\Programs\Python\Python310\;C:\Users\aigar\AppData\Local\Programs\Python\Python313\Scripts\;C:\Users\aigar\AppData\Local\Programs\Python\Python313\;C:\Users\aigar\AppData\Local\Microsoft\WindowsApps;C:\Program Files\Python312\Python;C:\Program Files\Python312\Scripts;C:\Program Files\JetBrains\PyCharm 2024.2.3\bin;;C:\Users\aigar\AppData\Local\Programs\Microsoft VS Code\bin;C:\Users\aigar\AppData\Roaming\npm;C:\Program Files\PostgreSQL\17\bin;
USERNAME=aigar
OS=Windows_NT
PROCESSOR_IDENTIFIER=Intel64 Family 6 Model 170 Stepping 4, GenuineIntel
TMP=C:\Users\aigar\AppData\Local\Temp
TEMP=C:\Users\aigar\AppData\Local\Temp




Periodic native trim disabled

---------------  S Y S T E M  ---------------

OS:
 Windows 11 , 64 bit Build 26100 (10.0.26100.4202)
OS uptime: 14 days 21:29 hours
Hyper-V role detected

CPU: total 22 (initial active 22) (11 cores per cpu, 2 threads per core) family 6 model 170 stepping 4 microcode 0x1c, cx8, cmov, fxsr, ht, mmx, 3dnowpref, sse, sse2, sse3, ssse3, sse4.1, sse4.2, popcnt, lzcnt, tsc, tscinvbit, avx, avx2, aes, erms, clmul, bmi1, bmi2, adx, sha, fma, vzeroupper, clflush, clflushopt, clwb, hv, serialize, rdtscp, rdpid, fsrm, gfni, f16c, cet_ibt, cet_ss
Processor Information for processor 0
  Max Mhz: 2300, Current Mhz: 2300, Mhz Limit: 2300
Processor Information for processor 1
  Max Mhz: 2300, Current Mhz: 2300, Mhz Limit: 2300
Processor Information for processor 2
  Max Mhz: 1800, Current Mhz: 1800, Mhz Limit: 1800
Processor Information for processor 3
  Max Mhz: 1800, Current Mhz: 1800, Mhz Limit: 1800
Processor Information for processor 4
  Max Mhz: 1800, Current Mhz: 1500, Mhz Limit: 1800
Processor Information for processor 5
  Max Mhz: 1800, Current Mhz: 1500, Mhz Limit: 1800
Processor Information for processor 6
  Max Mhz: 1800, Current Mhz: 1500, Mhz Limit: 1800
Processor Information for processor 7
  Max Mhz: 1800, Current Mhz: 1500, Mhz Limit: 1800
Processor Information for processor 8
  Max Mhz: 1800, Current Mhz: 1500, Mhz Limit: 1800
Processor Information for processor 9
  Max Mhz: 1800, Current Mhz: 1500, Mhz Limit: 1800
Processor Information for processor 10
  Max Mhz: 2300, Current Mhz: 2300, Mhz Limit: 2300
Processor Information for processor 11
  Max Mhz: 2300, Current Mhz: 2300, Mhz Limit: 2300
Processor Information for processor 12
  Max Mhz: 2300, Current Mhz: 2300, Mhz Limit: 2300
Processor Information for processor 13
  Max Mhz: 2300, Current Mhz: 2300, Mhz Limit: 2300
Processor Information for processor 14
  Max Mhz: 2300, Current Mhz: 2300, Mhz Limit: 2300
Processor Information for processor 15
  Max Mhz: 2300, Current Mhz: 1478, Mhz Limit: 2300
Processor Information for processor 16
  Max Mhz: 2300, Current Mhz: 2300, Mhz Limit: 2300
Processor Information for processor 17
  Max Mhz: 2300, Current Mhz: 1478, Mhz Limit: 2300
Processor Information for processor 18
  Max Mhz: 2300, Current Mhz: 1478, Mhz Limit: 2300
Processor Information for processor 19
  Max Mhz: 2300, Current Mhz: 1478, Mhz Limit: 2300
Processor Information for processor 20
  Max Mhz: 2500, Current Mhz: 1000, Mhz Limit: 1000
Processor Information for processor 21
  Max Mhz: 2500, Current Mhz: 1000, Mhz Limit: 1000

Memory: 4k page, system-wide physical 32429M (16409M free)
TotalPageFile size 34477M (AvailPageFile size 16458M)
current process WorkingSet (physical memory assigned to process): 266M, peak: 266M
current process commit charge ("private bytes"): 697M, peak: 721M

vm_info: Java HotSpot(TM) 64-Bit Server VM (24.0.1+9-30) for windows-amd64 JRE (24.0.1+9-30), built on 2025-03-05T07:23:45Z with MS VC++ 17.6 (VS2022)

END.
